TN:
SF:libs/template/src/public_api.ts
FNF:0
FNH:0
DA:1,0
LF:1
LH:0
BRF:0
BRH:0
end_of_record
TN:
SF:libs/template/src/lib/core/render-aware/render-aware_creator.ts
FN:43,createRenderAware
FN:51,(anonymous_1)
FN:56,(anonymous_2)
FN:64,(anonymous_3)
FN:77,(anonymous_4)
FN:91,(anonymous_5)
FN:93,(anonymous_6)
FN:108,(anonymous_7)
FN:111,(anonymous_8)
FN:116,(anonymous_9)
FN:122,renderWithLatestStrategy
FN:131,(anonymous_11)
FN:136,(anonymous_12)
FNF:13
FNH:13
FNDA:22,createRenderAware
FNDA:24,(anonymous_1)
FNDA:24,(anonymous_2)
FNDA:23,(anonymous_3)
FNDA:21,(anonymous_4)
FNDA:21,(anonymous_5)
FNDA:20,(anonymous_6)
FNDA:21,(anonymous_7)
FNDA:26,(anonymous_8)
FNDA:22,(anonymous_9)
FNDA:20,renderWithLatestStrategy
FNDA:20,(anonymous_11)
FNDA:30,(anonymous_12)
DA:1,22
DA:12,22
DA:24,22
DA:43,22
DA:47,22
DA:49,22
DA:52,24
DA:57,24
DA:58,24
DA:59,23
DA:61,1
DA:64,23
DA:69,22
DA:70,22
DA:73,22
DA:75,22
DA:78,21
DA:79,1
DA:81,20
DA:82,2
DA:83,2
DA:84,1
DA:87,19
DA:88,19
DA:91,21
DA:94,20
DA:107,22
DA:109,21
DA:112,26
DA:117,22
DA:122,22
DA:125,20
DA:131,20
DA:132,20
DA:137,30
LF:35
LH:35
BRDA:53,0,0,23
BRDA:53,0,1,1
BRDA:58,1,0,23
BRDA:58,1,1,1
BRDA:78,2,0,1
BRDA:78,2,1,20
BRDA:81,3,0,2
BRDA:81,3,1,18
BRDA:83,4,0,1
BRDA:83,4,1,1
BRF:10
BRH:10
end_of_record
TN:
SF:libs/template/src/lib/core/utils/coalescing-manager.ts
FN:16,(anonymous_0)
FN:29,createCoalesceManager
FN:37,removeWork
FN:45,addWork
FN:55,isCoalescing
FNF:5
FNH:5
FNDA:353,(anonymous_0)
FNDA:27,createCoalesceManager
FNDA:61,removeWork
FNDA:56,addWork
FNDA:119,isCoalescing
DA:1,27
DA:13,27
DA:15,27
DA:16,353
DA:30,27
DA:38,61
DA:39,61
DA:47,56
DA:49,56
DA:56,119
LF:10
LH:10
BRDA:40,0,0,50
BRDA:40,0,1,11
BRF:2
BRH:2
end_of_record
TN:
SF:libs/template/src/lib/core/utils/properties-weakmap.ts
FN:32,createPropertiesWeakMap
FN:43,getProperties
FN:54,(anonymous_2)
FN:64,setProperties
FN:66,(anonymous_4)
FN:73,hasKey
FNF:6
FNH:6
FNDA:28,createPropertiesWeakMap
FNDA:358,getProperties
FNDA:47,(anonymous_2)
FNDA:118,setProperties
FNDA:118,(anonymous_4)
FNDA:47,hasKey
DA:32,27
DA:36,28
DA:38,28
DA:44,358
DA:45,358
DA:48,358
DA:49,311
DA:51,47
DA:53,47
DA:55,47
DA:59,47
DA:61,358
DA:65,118
DA:66,118
DA:67,118
DA:69,118
DA:70,118
DA:74,47
LF:18
LH:18
BRDA:48,0,0,311
BRDA:48,0,1,47
BRDA:55,1,0,1
BRDA:55,1,1,46
BRF:4
BRH:4
end_of_record
TN:
SF:libs/template/src/lib/core/utils/rx-materialize.ts
FN:5,rxMaterialize
FN:6,(anonymous_1)
FN:8,(anonymous_2)
FN:13,(anonymous_3)
FN:22,notificationKindToRxNotificationKind
FNF:5
FNH:5
FNDA:20,rxMaterialize
FNDA:20,(anonymous_1)
FNDA:30,(anonymous_2)
FNDA:30,(anonymous_3)
FNDA:30,notificationKindToRxNotificationKind
DA:2,22
DA:5,22
DA:6,20
DA:9,30
DA:10,2
DA:13,30
DA:22,22
DA:23,30
DA:25,11
DA:27,2
DA:30,17
LF:11
LH:11
BRDA:9,0,0,2
BRDA:9,0,1,28
BRDA:24,1,0,11
BRDA:24,1,1,2
BRDA:24,1,2,17
BRDA:24,1,3,17
BRF:6
BRH:6
end_of_record
TN:
SF:libs/template/src/lib/core/utils/template-manager_creator.ts
FN:65,createTemplateManager
FN:75,(anonymous_1)
FN:79,(anonymous_2)
FN:80,(anonymous_3)
FN:85,(anonymous_4)
FN:97,(anonymous_5)
FN:101,(anonymous_6)
FN:127,(anonymous_7)
FN:128,(anonymous_8)
FN:134,assertTemplate
FNF:10
FNH:0
FNDA:0,createTemplateManager
FNDA:0,(anonymous_1)
FNDA:0,(anonymous_2)
FNDA:0,(anonymous_3)
FNDA:0,(anonymous_4)
FNDA:0,(anonymous_5)
FNDA:0,(anonymous_6)
FNDA:0,(anonymous_7)
FNDA:0,(anonymous_8)
FNDA:0,assertTemplate
DA:65,1
DA:69,0
DA:70,0
DA:71,0
DA:74,0
DA:76,0
DA:80,0
DA:81,0
DA:86,0
DA:87,0
DA:88,0
DA:91,0
DA:98,0
DA:102,0
DA:103,0
DA:105,0
DA:107,0
DA:108,0
DA:111,0
DA:115,0
DA:120,0
DA:123,0
DA:128,0
DA:129,0
DA:138,0
DA:141,0
DA:142,0
DA:146,0
LF:28
LH:1
BRDA:87,0,0,0
BRDA:87,0,1,0
BRDA:102,1,0,0
BRDA:102,1,1,0
BRDA:103,2,0,0
BRDA:103,2,1,0
BRDA:107,3,0,0
BRDA:107,3,1,0
BRDA:139,4,0,0
BRDA:139,4,1,0
BRDA:141,5,0,0
BRDA:141,5,1,0
BRF:12
BRH:0
end_of_record
TN:
SF:libs/template/src/lib/core/utils/unpatched-resolved-promise.ts
FN:6,getUnpatchedResolvedPromise
FNF:1
FNH:1
FNDA:59,getUnpatchedResolvedPromise
DA:2,26
DA:4,26
DA:6,26
DA:7,59
DA:8,59
LF:5
LH:5
BRDA:7,0,0,59
BRDA:7,0,1,7
BRF:2
BRH:2
end_of_record
TN:
SF:libs/template/src/lib/core/utils/zone-checks.ts
FN:16,getZoneUnPatchedApi
FN:35,isEnvZonePatched
FN:51,isApiZonePatched
FN:77,isNgZone
FN:86,fn
FN:89,(anonymous_5)
FN:111,isNoopNgZone
FNF:7
FNH:7
FNDA:88,getZoneUnPatchedApi
FNDA:2,isEnvZonePatched
FNDA:88,isApiZonePatched
FNDA:6,isNgZone
FNDA:3,fn
FNDA:2,(anonymous_5)
FNDA:4,isNoopNgZone
DA:1,26
DA:16,26
DA:17,88
DA:18,88
DA:35,26
DA:36,2
DA:51,26
DA:53,88
DA:56,26
DA:77,26
DA:78,6
DA:80,6
DA:81,1
DA:84,5
DA:89,5
DA:91,5
DA:92,5
DA:94,5
DA:111,26
DA:112,4
LF:20
LH:20
BRDA:17,0,0,88
BRDA:17,0,1,86
BRDA:18,1,0,85
BRDA:18,1,1,3
BRDA:80,2,0,1
BRDA:80,2,1,5
BRF:6
BRH:6
end_of_record
TN:
SF:libs/template/src/lib/let/let.directive.ts
FN:317,(anonymous_0)
FN:327,(anonymous_1)
FN:330,(anonymous_2)
FN:334,(anonymous_3)
FN:354,(anonymous_4)
FN:191,(anonymous_5)
FN:233,(anonymous_6)
FN:289,(anonymous_7)
FN:357,(anonymous_8)
FN:365,(anonymous_9)
FN:369,(anonymous_10)
FN:377,(anonymous_11)
FN:405,(anonymous_12)
FN:410,(anonymous_13)
FN:420,(anonymous_14)
FN:432,(anonymous_15)
FN:436,(anonymous_16)
FN:437,(anonymous_17)
FN:439,(anonymous_18)
FN:455,createViewContext
FN:465,updateViewContext
FN:470,(anonymous_21)
FNF:22
FNH:18
FNDA:37,(anonymous_0)
FNDA:27,(anonymous_1)
FNDA:37,(anonymous_2)
FNDA:37,(anonymous_3)
FNDA:0,(anonymous_4)
FNDA:30,(anonymous_5)
FNDA:2,(anonymous_6)
FNDA:1,(anonymous_7)
FNDA:1,(anonymous_8)
FNDA:28,(anonymous_9)
FNDA:1,(anonymous_10)
FNDA:30,(anonymous_11)
FNDA:26,(anonymous_12)
FNDA:28,(anonymous_13)
FNDA:61,(anonymous_14)
FNDA:11,(anonymous_15)
FNDA:28,(anonymous_16)
FNDA:4,(anonymous_17)
FNDA:18,(anonymous_18)
FNDA:0,createViewContext
FNDA:0,updateViewContext
FNDA:0,(anonymous_21)
DA:1,10
DA:16,10
DA:29,10
DA:38,10
DA:44,10
DA:176,10
DA:191,10
DA:192,30
DA:233,10
DA:234,2
DA:252,10
DA:269,10
DA:286,10
DA:289,10
DA:290,1
DA:293,37
DA:295,37
DA:318,37
DA:319,37
DA:320,37
DA:321,37
DA:322,37
DA:323,37
DA:327,37
DA:329,37
DA:330,37
DA:333,37
DA:334,37
DA:342,37
DA:352,37
DA:354,37
DA:361,1
DA:366,28
DA:370,1
DA:371,1
DA:378,30
DA:379,28
DA:382,30
DA:383,9
DA:389,30
DA:390,8
DA:396,30
DA:397,7
DA:406,26
DA:411,28
DA:420,61
DA:433,11
DA:436,28
DA:438,4
DA:440,18
DA:447,28
DA:451,28
DA:456,0
DA:470,0
DA:471,0
LF:55
LH:52
BRDA:371,0,0,0
BRDA:371,0,1,1
BRDA:371,1,0,1
BRDA:371,1,1,1
BRDA:378,2,0,28
BRDA:378,2,1,2
BRDA:382,3,0,9
BRDA:382,3,1,21
BRDA:389,4,0,8
BRDA:389,4,1,22
BRDA:396,5,0,7
BRDA:396,5,1,23
BRDA:421,6,0,28
BRDA:421,6,1,0
BRDA:427,7,0,28
BRDA:427,7,1,0
BRDA:434,8,0,8
BRDA:434,8,1,3
BRDA:438,9,0,1
BRDA:438,9,1,3
BRDA:441,10,0,3
BRDA:441,10,1,15
BRF:22
BRH:19
end_of_record
TN:
SF:libs/template/src/lib/let/let.module.ts
FNF:0
FNH:0
DA:1,5
DA:2,5
DA:4,5
DA:10,5
LF:4
LH:4
BRF:0
BRH:0
end_of_record
TN:
SF:libs/template/src/lib/push/push.module.ts
FNF:0
FNH:0
DA:1,5
DA:2,5
DA:4,5
DA:26,5
LF:4
LH:4
BRF:0
BRH:0
end_of_record
TN:
SF:libs/template/src/lib/push/push.pipe.ts
FN:80,(anonymous_0)
FN:88,(anonymous_1)
FN:92,(anonymous_2)
FN:96,(anonymous_3)
FN:98,(anonymous_4)
FN:127,(anonymous_5)
FN:140,(anonymous_6)
FNF:7
FNH:7
FNDA:18,(anonymous_0)
FNDA:24,(anonymous_1)
FNDA:13,(anonymous_2)
FNDA:13,(anonymous_3)
FNDA:13,(anonymous_4)
FNDA:27,(anonymous_5)
FNDA:8,(anonymous_6)
DA:1,7
DA:8,7
DA:21,7
DA:67,7
DA:73,18
DA:75,18
DA:81,18
DA:82,18
DA:84,18
DA:85,18
DA:89,24
DA:93,13
DA:97,13
DA:99,13
DA:132,27
DA:133,0
DA:135,27
DA:136,27
DA:141,8
LF:19
LH:18
BRDA:89,0,0,24
BRDA:89,0,1,20
BRDA:104,1,0,13
BRDA:104,1,1,0
BRDA:132,2,0,0
BRDA:132,2,1,27
BRF:6
BRH:4
end_of_record
TN:
SF:libs/template/src/lib/render-strategies/rxjs/operators/coalesceWith.ts
FN:43,coalesceWith
FN:49,(anonymous_1)
FN:50,(anonymous_2)
FN:60,createInnerObserver
FN:67,(anonymous_4)
FN:77,(anonymous_5)
FN:81,(anonymous_6)
FN:82,(anonymous_7)
FN:88,(anonymous_8)
FN:89,(anonymous_9)
FN:94,(anonymous_10)
FN:99,(anonymous_11)
FNF:12
FNH:11
FNDA:30,coalesceWith
FNDA:30,(anonymous_1)
FNDA:30,(anonymous_2)
FNDA:30,createInnerObserver
FNDA:82,(anonymous_4)
FNDA:27,(anonymous_5)
FNDA:1,(anonymous_6)
FNDA:143,(anonymous_7)
FNDA:0,(anonymous_8)
FNDA:7,(anonymous_9)
FNDA:17,(anonymous_10)
FNDA:31,(anonymous_11)
DA:1,15
DA:10,15
DA:43,15
DA:47,30
DA:49,30
DA:50,30
DA:51,30
DA:52,30
DA:55,30
DA:58,30
DA:67,30
DA:68,82
DA:70,42
DA:71,42
DA:72,37
DA:76,30
DA:78,27
DA:79,27
DA:81,1
DA:83,143
DA:84,143
DA:86,33
DA:87,33
DA:88,0
DA:90,7
DA:91,7
DA:92,5
DA:95,17
DA:96,17
DA:99,33
DA:100,31
DA:101,31
DA:102,11
DA:103,11
LF:34
LH:33
BRDA:47,0,0,30
BRDA:47,0,1,13
BRDA:68,1,0,42
BRDA:68,1,1,40
BRDA:71,2,0,37
BRDA:71,2,1,5
BRDA:84,3,0,33
BRDA:84,3,1,110
BRDA:101,4,0,11
BRDA:101,4,1,20
BRF:10
BRH:10
end_of_record
TN:
SF:libs/template/src/lib/render-strategies/rxjs/scheduling/animationFrameTick.ts
FN:4,(anonymous_0)
FN:5,(anonymous_1)
FN:6,(anonymous_2)
FN:11,(anonymous_3)
FNF:4
FNH:4
FNDA:43,(anonymous_0)
FNDA:38,(anonymous_1)
FNDA:18,(anonymous_2)
FNDA:38,(anonymous_3)
DA:1,17
DA:2,17
DA:4,17
DA:5,43
DA:6,38
DA:7,18
DA:8,18
DA:11,38
DA:12,38
LF:9
LH:9
BRF:0
BRH:0
end_of_record
TN:
SF:libs/template/src/lib/render-strategies/rxjs/scheduling/interfaces.ts
FN:1,(anonymous_0)
FN:12,(anonymous_1)
FNF:2
FNH:2
FNDA:17,(anonymous_0)
FNDA:17,(anonymous_1)
DA:1,17
DA:2,17
DA:3,17
DA:4,17
DA:5,17
DA:6,17
DA:7,17
DA:8,17
DA:12,17
DA:13,17
DA:14,17
DA:15,17
DA:16,17
DA:17,17
DA:18,17
DA:19,17
DA:20,17
DA:21,17
DA:22,17
LF:19
LH:19
BRDA:1,0,0,17
BRDA:1,0,1,17
BRDA:12,1,0,17
BRDA:12,1,1,17
BRF:4
BRH:4
end_of_record
TN:
SF:libs/template/src/lib/render-strategies/rxjs/scheduling/priority-tick-map.ts
FNF:0
FNH:0
DA:1,17
DA:2,17
DA:3,17
DA:4,17
DA:6,17
LF:5
LH:5
BRF:0
BRH:0
end_of_record
TN:
SF:libs/template/src/lib/render-strategies/rxjs/scheduling/promiseTick.ts
FN:6,(anonymous_0)
FN:7,(anonymous_1)
FN:10,(anonymous_2)
FN:16,(anonymous_3)
FN:19,(anonymous_4)
FNF:5
FNH:5
FNDA:46,(anonymous_0)
FNDA:17,(anonymous_1)
FNDA:16,(anonymous_2)
FNDA:1,(anonymous_3)
FNDA:17,(anonymous_4)
DA:1,17
DA:2,17
DA:6,17
DA:7,46
DA:8,17
DA:9,17
DA:11,16
DA:12,8
DA:13,8
DA:17,1
DA:19,17
DA:20,17
DA:21,17
LF:13
LH:13
BRDA:11,0,0,8
BRDA:11,0,1,8
BRF:2
BRH:2
end_of_record
TN:
SF:libs/template/src/lib/render-strategies/static/static-coalesce.ts
FN:5,staticCoalesce
FN:15,(anonymous_1)
FN:18,(anonymous_2)
FN:29,tryExecuteWork
FNF:4
FNH:4
FNDA:54,staticCoalesce
FNDA:16,(anonymous_1)
FNDA:13,(anonymous_2)
FNDA:16,tryExecuteWork
DA:2,16
DA:5,16
DA:13,54
DA:14,18
DA:15,18
DA:16,16
DA:18,18
DA:19,13
DA:20,13
DA:22,18
DA:25,54
DA:30,16
DA:31,16
DA:32,15
DA:34,1
LF:15
LH:15
BRDA:8,0,0,1
BRDA:9,1,0,6
BRDA:13,2,0,18
BRDA:13,2,1,36
BRDA:31,3,0,15
BRDA:31,3,1,1
BRF:6
BRH:6
end_of_record
TN:
SF:libs/template/src/lib/render-strategies/static/static-schedule-and-coalesced.ts
FN:7,coalesceAndSchedule
FN:14,(anonymous_1)
FN:23,(anonymous_2)
FNF:3
FNH:3
FNDA:40,coalesceAndSchedule
FNDA:11,(anonymous_1)
FNDA:15,(anonymous_2)
DA:1,16
DA:2,16
DA:3,16
DA:5,16
DA:7,16
DA:13,40
DA:14,40
DA:16,40
DA:23,40
DA:24,15
DA:25,15
DA:27,40
DA:29,40
LF:13
LH:13
BRDA:10,0,0,1
BRDA:11,1,0,36
BRF:2
BRH:2
end_of_record
TN:
SF:libs/template/src/lib/render-strategies/static/static-schedule.ts
FN:4,staticSchedule
FN:19,(anonymous_1)
FN:20,(anonymous_2)
FN:23,(anonymous_3)
FN:32,tryExecuteWork
FNF:5
FNH:5
FNDA:15,staticSchedule
FNDA:1,(anonymous_1)
FNDA:12,(anonymous_2)
FNDA:12,(anonymous_3)
FNDA:14,tryExecuteWork
DA:1,16
DA:4,16
DA:10,15
DA:11,2
DA:12,2
DA:16,13
DA:19,1
DA:20,12
DA:23,13
DA:24,12
DA:25,12
DA:27,13
DA:29,13
DA:33,14
DA:34,13
DA:35,13
LF:16
LH:16
BRDA:7,0,0,3
BRDA:10,1,0,2
BRDA:10,1,1,13
BRDA:33,2,0,13
BRDA:33,2,1,1
BRF:5
BRH:5
end_of_record
TN:
SF:libs/template/src/lib/render-strategies/strategies/detach-strategy.ts
FN:21,getDetachStrategies
FN:49,createDetachStrategy
FN:56,(anonymous_2)
FN:61,(anonymous_3)
FN:64,(anonymous_4)
FN:64,(anonymous_5)
FN:67,(anonymous_6)
FN:68,(anonymous_7)
FNF:8
FNH:8
FNDA:42,getDetachStrategies
FNDA:42,createDetachStrategy
FNDA:6,(anonymous_2)
FNDA:3,(anonymous_3)
FNDA:3,(anonymous_4)
FNDA:3,(anonymous_5)
FNDA:13,(anonymous_6)
FNDA:3,(anonymous_7)
DA:1,14
DA:2,14
DA:3,14
DA:4,14
DA:6,14
DA:7,14
DA:8,14
DA:10,14
DA:21,14
DA:24,42
DA:49,14
DA:52,42
DA:53,42
DA:54,42
DA:56,42
DA:57,6
DA:58,6
DA:59,6
DA:61,42
DA:64,3
DA:67,42
DA:68,13
DA:69,3
DA:72,42
LF:24
LH:24
BRF:0
BRH:0
end_of_record
TN:
SF:libs/template/src/lib/render-strategies/strategies/global.strategy.ts
FN:7,getGlobalStrategies
FN:40,createGlobalStrategy
FN:43,(anonymous_2)
FN:47,(anonymous_3)
FN:48,(anonymous_4)
FN:49,(anonymous_5)
FN:50,(anonymous_6)
FN:50,(anonymous_7)
FN:52,(anonymous_8)
FNF:9
FNH:8
FNDA:42,getGlobalStrategies
FNDA:42,createGlobalStrategy
FNDA:27,(anonymous_2)
FNDA:0,(anonymous_3)
FNDA:3,(anonymous_4)
FNDA:13,(anonymous_5)
FNDA:13,(anonymous_6)
FNDA:3,(anonymous_7)
FNDA:14,(anonymous_8)
DA:1,14
DA:2,14
DA:4,14
DA:5,14
DA:7,14
DA:10,42
DA:40,14
DA:43,42
DA:44,42
DA:45,42
DA:47,0
DA:48,3
DA:49,13
DA:50,13
DA:53,14
DA:54,14
LF:16
LH:15
BRF:0
BRH:0
end_of_record
TN:
SF:libs/template/src/lib/render-strategies/strategies/local.strategy.ts
FN:21,getLocalStrategies
FN:61,createLocalStrategy
FN:68,(anonymous_2)
FN:71,(anonymous_3)
FN:74,(anonymous_4)
FN:74,(anonymous_5)
FN:77,(anonymous_6)
FN:78,(anonymous_7)
FNF:8
FNH:8
FNDA:42,getLocalStrategies
FNDA:42,createLocalStrategy
FNDA:6,(anonymous_2)
FNDA:3,(anonymous_3)
FNDA:3,(anonymous_4)
FNDA:3,(anonymous_5)
FNDA:13,(anonymous_6)
FNDA:3,(anonymous_7)
DA:1,14
DA:2,14
DA:3,14
DA:4,14
DA:6,14
DA:7,14
DA:8,14
DA:10,14
DA:21,14
DA:24,42
DA:61,14
DA:64,42
DA:65,42
DA:66,42
DA:68,42
DA:69,6
DA:71,42
DA:72,3
DA:74,3
DA:77,42
DA:78,13
DA:79,3
DA:82,42
LF:23
LH:23
BRF:0
BRH:0
end_of_record
TN:
SF:libs/template/src/lib/render-strategies/strategies/native.strategy.ts
FN:26,createNativeStrategy
FN:29,(anonymous_1)
FN:33,(anonymous_2)
FN:34,(anonymous_3)
FN:35,(anonymous_4)
FN:36,(anonymous_5)
FN:36,(anonymous_6)
FN:38,(anonymous_7)
FNF:8
FNH:8
FNDA:44,createNativeStrategy
FNDA:27,(anonymous_1)
FNDA:1,(anonymous_2)
FNDA:3,(anonymous_3)
FNDA:13,(anonymous_4)
FNDA:13,(anonymous_5)
FNDA:3,(anonymous_6)
FNDA:13,(anonymous_7)
DA:2,14
DA:3,14
DA:4,14
DA:26,14
DA:29,44
DA:30,44
DA:31,44
DA:33,1
DA:34,3
DA:35,13
DA:36,13
DA:39,13
DA:40,13
LF:13
LH:13
BRF:0
BRH:0
end_of_record
TN:
SF:libs/template/src/lib/render-strategies/strategies/noop.strategy.ts
FN:21,createNoopStrategy
FN:24,(anonymous_1)
FN:25,(anonymous_2)
FN:25,(anonymous_3)
FN:26,(anonymous_4)
FNF:5
FNH:5
FNDA:43,createNoopStrategy
FNDA:6,(anonymous_1)
FNDA:2,(anonymous_2)
FNDA:7,(anonymous_3)
FNDA:13,(anonymous_4)
DA:2,14
DA:21,14
DA:22,43
DA:25,7
DA:26,13
LF:5
LH:5
BRF:0
BRH:0
end_of_record
TN:
SF:libs/template/src/lib/render-strategies/strategies/strategies-map.ts
FN:26,getStrategies
FNF:1
FNH:1
FNDA:42,getStrategies
DA:2,14
DA:3,14
DA:4,14
DA:5,14
DA:6,14
DA:8,14
DA:26,14
DA:29,42
LF:8
LH:8
BRF:0
BRH:0
end_of_record
TN:
SF:libs/template/src/lib/render-strategies/util/util.ts
FN:10,afterCoalesceAndSchedule
FN:25,afterScheduleCD
FN:29,(anonymous_2)
FN:37,(anonymous_3)
FNF:4
FNH:4
FNDA:6,afterCoalesceAndSchedule
FNDA:86,afterScheduleCD
FNDA:27,(anonymous_2)
FNDA:6,(anonymous_3)
DA:1,14
DA:2,14
DA:10,14
DA:11,6
DA:12,6
DA:13,6
DA:25,14
DA:29,86
DA:30,27
DA:31,20
DA:33,27
DA:34,27
DA:35,26
DA:38,6
DA:41,27
LF:15
LH:15
BRDA:12,0,0,6
BRDA:12,0,1,0
BRDA:30,1,0,20
BRDA:30,1,1,7
BRDA:34,2,0,26
BRDA:34,2,1,1
BRF:6
BRH:5
end_of_record
