TN:
SF:libs\template\src\index.ts
FN:4,(anonymous_0)
FN:5,(anonymous_1)
FN:6,(anonymous_2)
FN:8,(anonymous_3)
FN:9,(anonymous_4)
FN:10,(anonymous_5)
FN:12,(anonymous_6)
FN:13,(anonymous_7)
FN:15,(anonymous_8)
FN:16,(anonymous_9)
FN:19,(anonymous_10)
FN:20,(anonymous_11)
FN:22,(anonymous_12)
FN:23,(anonymous_13)
FN:25,(anonymous_14)
FNF:15
FNH:3
FNDA:0,(anonymous_0)
FNDA:2,(anonymous_1)
FNDA:2,(anonymous_2)
FNDA:0,(anonymous_3)
FNDA:0,(anonymous_4)
FNDA:0,(anonymous_5)
FNDA:0,(anonymous_6)
FNDA:0,(anonymous_7)
FNDA:15,(anonymous_8)
FNDA:0,(anonymous_9)
FNDA:0,(anonymous_10)
FNDA:0,(anonymous_11)
FNDA:0,(anonymous_12)
FNDA:0,(anonymous_13)
FNDA:0,(anonymous_14)
DA:2,5
DA:3,5
DA:4,5
DA:5,5
DA:6,5
DA:7,5
DA:8,5
DA:9,5
DA:10,5
DA:11,5
DA:12,5
DA:13,5
DA:14,5
DA:15,15
DA:16,5
DA:18,5
DA:19,5
DA:20,5
DA:21,5
DA:22,5
DA:23,5
DA:24,5
DA:25,5
LF:23
LH:23
BRF:0
BRH:0
end_of_record
TN:
SF:libs\template\src\lib\template.module.ts
FNF:0
FNH:0
DA:1,5
DA:3,5
DA:4,5
DA:5,5
DA:6,5
DA:11,5
LF:6
LH:6
BRF:0
BRH:0
end_of_record
TN:
SF:libs\template\src\lib\core\index.ts
FNF:0
FNH:0
DA:1,17
DA:2,17
LF:2
LH:2
BRF:0
BRH:0
end_of_record
TN:
SF:libs\template\src\lib\core\render-aware\coalescing-manager.ts
FN:12,(anonymous_0)
FN:16,createCoalesceManager
FN:28,removeWork
FN:38,addWork
FN:48,isCoalescing
FNF:5
FNH:5
FNDA:547,(anonymous_0)
FNDA:18,createCoalesceManager
FNDA:104,removeWork
FNDA:105,addWork
FNDA:129,isCoalescing
DA:1,18
DA:7,18
DA:9,18
DA:12,547
DA:21,18
DA:30,104
DA:32,104
DA:40,105
DA:42,105
DA:49,129
LF:10
LH:10
BRDA:28,0,0,0
BRDA:38,1,0,0
BRDA:48,2,0,0
BRF:3
BRH:0
end_of_record
TN:
SF:libs\template\src\lib\core\render-aware\index.ts
FNF:0
FNH:0
DA:1,17
DA:2,17
DA:3,17
DA:4,17
LF:4
LH:4
BRF:0
BRH:0
end_of_record
TN:
SF:libs\template\src\lib\core\render-aware\nameToStrategy.ts
FN:5,nameToStrategy
FN:6,(anonymous_1)
FN:10,(anonymous_2)
FNF:3
FNH:3
FNDA:65,nameToStrategy
FNDA:65,(anonymous_1)
FNDA:59,(anonymous_2)
DA:2,17
DA:5,17
DA:6,65
DA:7,65
DA:11,59
DA:12,59
DA:13,59
DA:15,0
LF:8
LH:7
BRDA:12,0,0,59
BRDA:12,0,1,0
BRF:2
BRH:1
end_of_record
TN:
SF:libs\template\src\lib\core\render-aware\render-aware_creator.ts
FN:38,createRenderAware
FN:47,(anonymous_1)
FN:53,(anonymous_2)
FN:66,(anonymous_3)
FN:80,(anonymous_4)
FN:82,(anonymous_5)
FN:96,(anonymous_6)
FN:99,(anonymous_7)
FN:103,(anonymous_8)
FN:109,renderWithLatestStrategy
FN:112,(anonymous_10)
FN:117,(anonymous_11)
FN:123,handleErrorAndComplete
FN:124,(anonymous_13)
FN:125,(anonymous_14)
FN:127,(anonymous_15)
FN:129,(anonymous_16)
FN:133,(anonymous_17)
FN:135,(anonymous_18)
FNF:19
FNH:19
FNDA:65,createRenderAware
FNDA:59,(anonymous_1)
FNDA:59,(anonymous_2)
FNDA:61,(anonymous_3)
FNDA:61,(anonymous_4)
FNDA:57,(anonymous_5)
FNDA:70,(anonymous_6)
FNDA:76,(anonymous_7)
FNDA:60,(anonymous_8)
FNDA:57,renderWithLatestStrategy
FNDA:57,(anonymous_10)
FNDA:94,(anonymous_11)
FNDA:57,handleErrorAndComplete
FNDA:57,(anonymous_13)
FNDA:57,(anonymous_14)
FNDA:50,(anonymous_15)
FNDA:5,(anonymous_16)
FNDA:39,(anonymous_17)
FNDA:28,(anonymous_18)
DA:1,17
DA:11,17
DA:21,17
DA:38,17
DA:43,65
DA:45,65
DA:48,59
DA:53,59
DA:58,65
DA:59,65
DA:62,65
DA:64,65
DA:67,61
DA:68,4
DA:70,57
DA:71,5
DA:72,5
DA:73,0
DA:76,57
DA:77,57
DA:80,61
DA:83,57
DA:95,65
DA:97,70
DA:100,76
DA:104,60
DA:112,57
DA:113,57
DA:118,94
DA:124,57
DA:125,57
DA:126,57
DA:127,50
DA:130,5
DA:131,5
DA:133,39
DA:135,57
LF:37
LH:36
BRDA:49,0,0,59
BRDA:49,0,1,0
BRDA:67,1,0,4
BRDA:67,1,1,57
BRDA:70,2,0,5
BRDA:70,2,1,52
BRDA:72,3,0,0
BRDA:72,3,1,5
BRF:8
BRH:6
end_of_record
TN:
SF:libs\template\src\lib\core\utils\get-global-this.ts
FN:13,getGlobalThis
FNF:1
FNH:1
FNDA:317,getGlobalThis
DA:13,20
DA:14,317
LF:2
LH:2
BRDA:14,0,0,317
BRDA:14,0,1,0
BRDA:14,0,2,0
BRF:3
BRH:1
end_of_record
TN:
SF:libs\template\src\lib\core\utils\get-zone-unpatched-api.ts
FN:17,getZoneUnPatchedApi
FNF:1
FNH:1
FNDA:138,getZoneUnPatchedApi
DA:1,20
DA:2,20
DA:17,20
DA:18,138
DA:19,138
LF:5
LH:5
BRDA:18,0,0,138
BRDA:18,0,1,138
BRDA:19,1,0,138
BRDA:19,1,1,0
BRF:4
BRH:3
end_of_record
TN:
SF:libs\template\src\lib\core\utils\index.ts
FNF:0
FNH:0
DA:1,20
DA:2,20
DA:3,20
DA:4,20
DA:5,20
DA:6,20
LF:6
LH:6
BRF:0
BRH:0
end_of_record
TN:
SF:libs\template\src\lib\core\utils\properties-weakmap.ts
FN:32,createPropertiesWeakMap
FN:43,getProperties
FN:54,(anonymous_2)
FN:64,setProperties
FN:66,(anonymous_4)
FN:73,hasKey
FNF:6
FNH:6
FNDA:19,createPropertiesWeakMap
FNDA:552,getProperties
FNDA:66,(anonymous_2)
FNDA:210,setProperties
FNDA:210,(anonymous_4)
FNDA:66,hasKey
DA:32,20
DA:36,19
DA:38,19
DA:44,552
DA:45,552
DA:48,552
DA:49,486
DA:51,66
DA:53,66
DA:55,66
DA:59,66
DA:61,552
DA:65,210
DA:66,210
DA:67,210
DA:69,210
DA:70,210
DA:74,66
LF:18
LH:18
BRDA:48,0,0,486
BRDA:48,0,1,66
BRDA:55,1,0,1
BRDA:55,1,1,65
BRF:4
BRH:4
end_of_record
TN:
SF:libs\template\src\lib\core\utils\template-manager_creator.ts
FN:25,createTemplateManager
FN:34,(anonymous_1)
FN:35,(anonymous_2)
FN:39,(anonymous_3)
FN:43,(anonymous_4)
FN:60,(anonymous_5)
FN:61,(anonymous_6)
FN:67,assertTemplate
FNF:8
FNH:8
FNDA:31,createTemplateManager
FNDA:51,(anonymous_1)
FNDA:84,(anonymous_2)
FNDA:54,(anonymous_3)
FNDA:99,(anonymous_4)
FNDA:23,(anonymous_5)
FNDA:26,(anonymous_6)
FNDA:54,assertTemplate
DA:25,9
DA:29,31
DA:30,31
DA:31,31
DA:33,31
DA:35,51
DA:36,84
DA:40,54
DA:41,54
DA:44,99
DA:46,63
DA:48,63
DA:49,27
DA:52,36
DA:56,36
DA:61,26
DA:62,23
DA:71,54
DA:74,54
DA:75,0
DA:79,54
LF:21
LH:20
BRDA:44,0,0,63
BRDA:44,0,1,36
BRDA:48,1,0,27
BRDA:48,1,1,36
BRDA:61,2,0,0
BRDA:61,2,1,26
BRDA:61,3,0,26
BRDA:61,3,1,26
BRDA:72,4,0,54
BRDA:72,4,1,54
BRDA:74,5,0,0
BRDA:74,5,1,54
BRF:12
BRH:10
end_of_record
TN:
SF:libs\template\src\lib\core\utils\unpatched-resolved-promise.ts
FN:7,getUnpatchedResolvedPromise
FNF:1
FNH:1
FNDA:97,getUnpatchedResolvedPromise
DA:2,20
DA:3,20
DA:5,20
DA:7,20
DA:8,97
DA:13,97
LF:6
LH:6
BRDA:9,0,0,97
BRDA:9,0,1,14
BRDA:11,1,0,13
BRDA:11,1,1,1
BRF:4
BRH:4
end_of_record
TN:
SF:libs\template\src\lib\core\utils\view-engine-checks.ts
FN:21,isViewEngineIvy
FNF:1
FNH:1
FNDA:3,isViewEngineIvy
DA:1,20
DA:21,20
DA:22,3
DA:27,3
LF:4
LH:4
BRDA:28,0,0,3
BRDA:28,0,1,2
BRF:2
BRH:2
end_of_record
TN:
SF:libs\template\src\lib\core\utils\zone-checks.ts
FN:16,envZonePatched
FN:31,apiZonePatched
FN:57,isNgZone
FN:66,fn
FN:67,(anonymous_4)
FN:89,isNoopNgZone
FNF:6
FNH:5
FNDA:0,envZonePatched
FNDA:152,apiZonePatched
FNDA:4,isNgZone
FNDA:2,fn
FNDA:2,(anonymous_4)
FNDA:2,isNoopNgZone
DA:1,20
DA:16,20
DA:17,0
DA:31,20
DA:33,152
DA:36,20
DA:57,20
DA:58,4
DA:60,4
DA:61,0
DA:64,4
DA:67,4
DA:69,4
DA:70,4
DA:72,4
DA:89,20
DA:90,2
LF:17
LH:15
BRDA:60,0,0,0
BRDA:60,0,1,4
BRF:2
BRH:1
end_of_record
TN:
SF:libs\template\src\lib\let\index.ts
FNF:0
FNH:0
DA:1,9
DA:2,9
LF:2
LH:2
BRF:0
BRH:0
end_of_record
TN:
SF:libs\template\src\lib\let\let.directive.ts
FN:211,(anonymous_0)
FN:168,(anonymous_1)
FN:179,(anonymous_2)
FN:186,(anonymous_3)
FN:194,(anonymous_4)
FN:136,(anonymous_5)
FN:140,(anonymous_6)
FN:144,(anonymous_7)
FN:150,(anonymous_8)
FN:156,(anonymous_9)
FN:204,(anonymous_10)
FN:232,(anonymous_11)
FN:238,(anonymous_12)
FNF:13
FNH:11
FNDA:31,(anonymous_0)
FNDA:2,(anonymous_1)
FNDA:27,(anonymous_2)
FNDA:4,(anonymous_3)
FNDA:18,(anonymous_4)
FNDA:28,(anonymous_5)
FNDA:0,(anonymous_6)
FNDA:9,(anonymous_7)
FNDA:9,(anonymous_8)
FNDA:10,(anonymous_9)
FNDA:0,(anonymous_10)
FNDA:26,(anonymous_11)
FNDA:23,(anonymous_12)
DA:1,9
DA:11,9
DA:19,9
DA:20,9
DA:24,9
DA:129,9
DA:136,9
DA:137,28
DA:140,9
DA:141,0
DA:144,9
DA:147,9
DA:150,9
DA:153,9
DA:156,9
DA:159,10
DA:162,31
DA:167,31
DA:169,2
DA:170,2
DA:178,31
DA:180,27
DA:181,27
DA:188,4
DA:189,4
DA:190,4
DA:196,18
DA:197,18
DA:198,18
DA:208,0
DA:213,31
DA:214,31
DA:216,31
DA:217,31
DA:224,31
DA:229,31
DA:233,26
DA:234,26
DA:235,26
DA:239,23
DA:240,23
LF:41
LH:39
BRDA:141,0,0,0
BRDA:141,0,1,0
BRF:2
BRH:0
end_of_record
TN:
SF:libs\template\src\lib\let\let.module.ts
FNF:0
FNH:0
DA:1,9
DA:2,9
DA:4,9
DA:10,9
LF:4
LH:4
BRF:0
BRH:0
end_of_record
TN:
SF:libs\template\src\lib\push\index.ts
FNF:0
FNH:0
DA:1,7
DA:2,7
LF:2
LH:2
BRF:0
BRH:0
end_of_record
TN:
SF:libs\template\src\lib\push\push.module.ts
FNF:0
FNH:0
DA:1,7
DA:2,7
DA:3,7
DA:9,7
LF:4
LH:4
BRF:0
BRH:0
end_of_record
TN:
SF:libs\template\src\lib\push\push.pipe.ts
FN:75,(anonymous_0)
FN:67,(anonymous_1)
FN:72,(anonymous_2)
FN:98,(anonymous_3)
FN:108,(anonymous_4)
FNF:5
FNH:5
FNDA:18,(anonymous_0)
FNDA:2,(anonymous_1)
FNDA:11,(anonymous_2)
FNDA:27,(anonymous_3)
FNDA:8,(anonymous_4)
DA:1,7
DA:13,7
DA:14,7
DA:15,7
DA:61,7
DA:66,18
DA:68,2
DA:71,18
DA:72,11
DA:76,18
DA:83,18
DA:102,27
DA:103,27
DA:104,27
DA:105,27
DA:109,8
LF:16
LH:16
BRDA:102,0,0,27
BRDA:102,0,1,27
BRF:2
BRH:2
end_of_record
TN:
SF:libs\template\src\lib\render-strategies\index.ts
FNF:0
FNH:0
DA:1,8
DA:2,8
DA:3,8
LF:3
LH:3
BRF:0
BRH:0
end_of_record
TN:
SF:libs\template\src\lib\render-strategies\rxjs\index.ts
FNF:0
FNH:0
DA:1,8
DA:2,8
LF:2
LH:2
BRF:0
BRH:0
end_of_record
TN:
SF:libs\template\src\lib\render-strategies\rxjs\operators\coalesceWith.ts
FN:44,coalesceWith
FN:49,(anonymous_1)
FN:50,(anonymous_2)
FN:60,createInnerObserver
FN:67,(anonymous_4)
FN:74,(anonymous_5)
FN:80,(anonymous_6)
FN:81,(anonymous_7)
FN:86,(anonymous_8)
FN:90,(anonymous_9)
FNF:10
FNH:9
FNDA:95,coalesceWith
FNDA:95,(anonymous_1)
FNDA:95,(anonymous_2)
FNDA:95,createInnerObserver
FNDA:97,(anonymous_4)
FNDA:93,(anonymous_5)
FNDA:0,(anonymous_6)
FNDA:188,(anonymous_7)
FNDA:4,(anonymous_8)
FNDA:21,(anonymous_9)
DA:1,14
DA:11,14
DA:44,14
DA:48,95
DA:49,95
DA:50,95
DA:51,95
DA:52,95
DA:55,95
DA:58,95
DA:67,95
DA:68,97
DA:69,97
DA:70,92
DA:73,95
DA:75,93
DA:76,77
DA:78,93
DA:80,0
DA:82,188
DA:83,188
DA:84,96
DA:85,96
DA:87,4
DA:88,4
DA:91,21
DA:92,16
DA:93,16
DA:97,96
LF:29
LH:28
BRDA:48,0,0,95
BRDA:48,0,1,22
BRDA:69,1,0,92
BRDA:69,1,1,5
BRDA:75,2,0,77
BRDA:75,2,1,16
BRDA:83,3,0,96
BRDA:83,3,1,92
BRDA:91,4,0,16
BRDA:91,4,1,5
BRF:10
BRH:10
end_of_record
TN:
SF:libs\template\src\lib\render-strategies\rxjs\operators\index.ts
FNF:0
FNH:0
DA:1,8
DA:2,8
LF:2
LH:2
BRF:0
BRH:0
end_of_record
TN:
SF:libs\template\src\lib\render-strategies\rxjs\operators\renderChange.ts
FN:5,renderChange
FN:11,(anonymous_1)
FNF:2
FNH:0
FNDA:0,renderChange
FNDA:0,(anonymous_1)
DA:2,8
DA:5,8
DA:9,0
DA:10,0
DA:11,0
LF:5
LH:2
BRF:0
BRH:0
end_of_record
TN:
SF:libs\template\src\lib\render-strategies\rxjs\scheduling\animationFrameTick.ts
FN:4,(anonymous_0)
FN:5,(anonymous_1)
FN:6,(anonymous_2)
FN:11,(anonymous_3)
FNF:4
FNH:4
FNDA:15,(anonymous_0)
FNDA:73,(anonymous_1)
FNDA:5,(anonymous_2)
FNDA:65,(anonymous_3)
DA:1,15
DA:2,15
DA:4,15
DA:5,15
DA:6,73
DA:7,5
DA:8,5
DA:11,73
DA:12,65
LF:9
LH:9
BRF:0
BRH:0
end_of_record
TN:
SF:libs\template\src\lib\render-strategies\rxjs\scheduling\index.ts
FNF:0
FNH:0
DA:1,9
DA:2,9
DA:3,9
DA:4,9
LF:4
LH:4
BRF:0
BRH:0
end_of_record
TN:
SF:libs\template\src\lib\render-strategies\rxjs\scheduling\interfaces.ts
FN:1,(anonymous_0)
FNF:1
FNH:1
FNDA:15,(anonymous_0)
DA:1,15
DA:2,15
DA:3,15
DA:4,15
DA:5,15
DA:6,15
DA:7,15
DA:8,15
LF:8
LH:8
BRDA:1,0,0,15
BRDA:1,0,1,15
BRF:2
BRH:2
end_of_record
TN:
SF:libs\template\src\lib\render-strategies\rxjs\scheduling\priority-tick-map.ts
FNF:0
FNH:0
DA:2,15
DA:3,15
DA:4,15
DA:5,15
DA:6,15
DA:7,15
DA:9,15
LF:7
LH:7
BRF:0
BRH:0
end_of_record
TN:
SF:libs\template\src\lib\render-strategies\rxjs\scheduling\promiseTick.ts
FN:6,(anonymous_0)
FN:7,(anonymous_1)
FN:10,(anonymous_2)
FN:16,(anonymous_3)
FN:19,(anonymous_4)
FNF:5
FNH:4
FNDA:28,(anonymous_0)
FNDA:82,(anonymous_1)
FNDA:82,(anonymous_2)
FNDA:0,(anonymous_3)
FNDA:82,(anonymous_4)
DA:1,15
DA:2,15
DA:6,15
DA:7,28
DA:8,82
DA:9,82
DA:11,82
DA:12,7
DA:13,7
DA:17,0
DA:19,82
DA:20,82
DA:21,82
LF:13
LH:12
BRDA:11,0,0,7
BRDA:11,0,1,75
BRF:2
BRH:2
end_of_record
TN:
SF:libs\template\src\lib\render-strategies\static\index.ts
FNF:0
FNH:0
DA:1,15
DA:2,15
DA:3,15
LF:3
LH:3
BRF:0
BRH:0
end_of_record
TN:
SF:libs\template\src\lib\render-strategies\static\static-coalesce.ts
FN:4,staticCoalesce
FN:14,(anonymous_1)
FN:17,(anonymous_2)
FN:28,tryExecuteWork
FNF:4
FNH:4
FNDA:25,staticCoalesce
FNDA:7,(anonymous_1)
FNDA:6,(anonymous_2)
FNDA:7,tryExecuteWork
DA:2,15
DA:4,15
DA:12,25
DA:13,9
DA:14,9
DA:15,7
DA:17,9
DA:18,6
DA:19,6
DA:21,9
DA:24,25
DA:29,7
DA:30,7
DA:31,7
LF:14
LH:14
BRDA:7,0,0,0
BRDA:8,1,0,4
BRDA:12,2,0,9
BRDA:12,2,1,16
BRDA:30,3,0,7
BRDA:30,3,1,0
BRF:6
BRH:4
end_of_record
TN:
SF:libs\template\src\lib\render-strategies\static\static-schedule-and-coalesced.ts
FN:7,coalesceAndSchedule
FN:14,(anonymous_1)
FN:23,(anonymous_2)
FNF:3
FNH:3
FNDA:13,coalesceAndSchedule
FNDA:4,(anonymous_1)
FNDA:8,(anonymous_2)
DA:1,15
DA:2,15
DA:3,15
DA:5,15
DA:7,15
DA:13,13
DA:14,13
DA:16,13
DA:23,13
DA:24,8
DA:25,8
DA:27,13
DA:29,13
LF:13
LH:13
BRDA:10,0,0,0
BRDA:11,1,0,9
BRF:2
BRH:1
end_of_record
TN:
SF:libs\template\src\lib\render-strategies\static\static-schedule.ts
FN:4,staticSchedule
FN:17,(anonymous_1)
FN:18,(anonymous_2)
FN:20,(anonymous_3)
FN:22,(anonymous_4)
FN:31,tryExecuteWork
FNF:6
FNH:4
FNDA:6,staticSchedule
FNDA:5,(anonymous_1)
FNDA:0,(anonymous_2)
FNDA:0,(anonymous_3)
FNDA:6,(anonymous_4)
FNDA:5,tryExecuteWork
DA:1,15
DA:4,15
DA:10,6
DA:11,0
DA:12,0
DA:16,6
DA:17,5
DA:18,0
DA:20,0
DA:22,6
DA:23,6
DA:24,6
DA:26,6
DA:28,6
DA:32,5
DA:33,5
DA:34,5
LF:17
LH:13
BRDA:7,0,0,2
BRDA:10,1,0,0
BRDA:10,1,1,6
BRDA:32,2,0,5
BRDA:32,2,1,0
BRF:5
BRH:3
end_of_record
TN:
SF:libs\template\src\lib\render-strategies\strategies\global.strategy.ts
FN:7,getGlobalStrategies
FN:43,createGlobalStrategy
FN:46,(anonymous_2)
FN:51,(anonymous_3)
FN:52,(anonymous_4)
FNF:5
FNH:2
FNDA:50,getGlobalStrategies
FNDA:50,createGlobalStrategy
FNDA:0,(anonymous_2)
FNDA:0,(anonymous_3)
FNDA:0,(anonymous_4)
DA:1,13
DA:7,13
DA:10,50
DA:43,13
DA:46,50
DA:48,50
DA:51,0
DA:53,0
DA:54,0
LF:9
LH:6
BRF:0
BRH:0
end_of_record
TN:
SF:libs\template\src\lib\render-strategies\strategies\index.ts
FN:1,(anonymous_0)
FN:2,(anonymous_1)
FN:3,(anonymous_2)
FN:4,(anonymous_3)
FN:5,(anonymous_4)
FNF:5
FNH:1
FNDA:19,(anonymous_0)
FNDA:0,(anonymous_1)
FNDA:0,(anonymous_2)
FNDA:0,(anonymous_3)
FNDA:0,(anonymous_4)
DA:1,27
DA:2,8
DA:3,8
DA:4,8
DA:5,8
LF:5
LH:5
BRF:0
BRH:0
end_of_record
TN:
SF:libs\template\src\lib\render-strategies\strategies\local.strategy.ts
FN:32,getLocalStrategies
FN:68,createLocalStrategy
FN:75,(anonymous_2)
FN:78,(anonymous_3)
FN:81,(anonymous_4)
FN:81,(anonymous_5)
FN:84,(anonymous_6)
FN:122,createDetachStrategy
FN:129,(anonymous_8)
FN:134,(anonymous_9)
FN:137,(anonymous_10)
FN:137,(anonymous_11)
FN:140,(anonymous_12)
FNF:13
FNH:7
FNDA:50,getLocalStrategies
FNDA:50,createLocalStrategy
FNDA:5,(anonymous_2)
FNDA:73,(anonymous_3)
FNDA:73,(anonymous_4)
FNDA:5,(anonymous_5)
FNDA:0,(anonymous_6)
FNDA:50,createDetachStrategy
FNDA:0,(anonymous_8)
FNDA:0,(anonymous_9)
FNDA:0,(anonymous_10)
FNDA:0,(anonymous_11)
FNDA:0,(anonymous_12)
DA:1,13
DA:2,13
DA:3,13
DA:4,13
DA:9,13
DA:10,13
DA:11,13
DA:13,13
DA:32,13
DA:35,50
DA:68,13
DA:71,50
DA:72,50
DA:73,50
DA:75,50
DA:76,5
DA:78,50
DA:79,73
DA:81,73
DA:84,50
DA:85,0
DA:87,50
DA:122,13
DA:125,50
DA:126,50
DA:127,50
DA:129,50
DA:130,0
DA:131,0
DA:132,0
DA:134,50
DA:135,0
DA:137,0
DA:140,50
DA:141,0
DA:143,50
LF:36
LH:29
BRF:0
BRH:0
end_of_record
TN:
SF:libs\template\src\lib\render-strategies\strategies\native.strategy.ts
FN:22,createNativeStrategy
FN:28,(anonymous_1)
FN:29,(anonymous_2)
FN:29,(anonymous_3)
FN:30,(anonymous_4)
FNF:5
FNH:2
FNDA:52,createNativeStrategy
FNDA:1,(anonymous_1)
FNDA:0,(anonymous_2)
FNDA:0,(anonymous_3)
FNDA:0,(anonymous_4)
DA:2,13
DA:3,13
DA:22,13
DA:25,52
DA:26,52
DA:28,1
DA:29,0
DA:31,0
DA:32,0
LF:9
LH:6
BRF:0
BRH:0
end_of_record
TN:
SF:libs\template\src\lib\render-strategies\strategies\noop.strategy.ts
FN:19,createNoopStrategy
FN:22,(anonymous_1)
FN:23,(anonymous_2)
FN:24,(anonymous_3)
FNF:4
FNH:1
FNDA:51,createNoopStrategy
FNDA:0,(anonymous_1)
FNDA:0,(anonymous_2)
FNDA:0,(anonymous_3)
DA:19,13
DA:20,51
DA:23,0
DA:24,0
LF:4
LH:2
BRF:0
BRH:0
end_of_record
TN:
SF:libs\template\src\lib\render-strategies\strategies\strategies-map.ts
FN:12,getStrategies
FNF:1
FNH:1
FNDA:50,getStrategies
DA:5,13
DA:6,13
DA:7,13
DA:8,13
DA:10,13
DA:12,13
DA:15,50
LF:7
LH:7
BRF:0
BRH:0
end_of_record
