<?xml version="1.0" ?>
<!DOCTYPE coverage SYSTEM "http://cobertura.sourceforge.net/xml/coverage-04.dtd">
<coverage lines-valid="344" lines-covered="344" line-rate="1" branches-valid="216" branches-covered="216" branch-rate="1" timestamp="1596988005539" complexity="0" version="0.1">
  <sources>
    <source>C:\Users\micha\git\rx-angular</source>
  </sources>
  <packages>
    <package name="src" line-rate="1" branch-rate="1">
      <classes>
        <class name="index.ts" filename="libs\state\src\index.ts" line-rate="1" branch-rate="1">
          <methods>
          </methods>
          <lines>
            <line number="1" hits="21" branch="false"/>
          </lines>
        </class>
      </classes>
    </package>
    <package name="src.lib" line-rate="1" branch-rate="1">
      <classes>
        <class name="index.ts" filename="libs\state\src\lib\index.ts" line-rate="1" branch-rate="1">
          <methods>
            <method name="(anonymous_0)" hits="93" signature="()V">
              <lines>
                <line number="1" hits="93"/>
              </lines>
            </method>
            <method name="(anonymous_1)" hits="12" signature="()V">
              <lines>
                <line number="3" hits="12"/>
              </lines>
            </method>
            <method name="(anonymous_2)" hits="7" signature="()V">
              <lines>
                <line number="4" hits="7"/>
              </lines>
            </method>
            <method name="(anonymous_3)" hits="0" signature="()V">
              <lines>
                <line number="5" hits="0"/>
              </lines>
            </method>
            <method name="(anonymous_4)" hits="0" signature="()V">
              <lines>
                <line number="6" hits="0"/>
              </lines>
            </method>
            <method name="(anonymous_5)" hits="28" signature="()V">
              <lines>
                <line number="9" hits="28"/>
              </lines>
            </method>
            <method name="(anonymous_6)" hits="22" signature="()V">
              <lines>
                <line number="10" hits="22"/>
              </lines>
            </method>
            <method name="(anonymous_7)" hits="14" signature="()V">
              <lines>
                <line number="11" hits="14"/>
              </lines>
            </method>
            <method name="(anonymous_8)" hits="22" signature="()V">
              <lines>
                <line number="12" hits="22"/>
              </lines>
            </method>
            <method name="(anonymous_9)" hits="15" signature="()V">
              <lines>
                <line number="15" hits="15"/>
              </lines>
            </method>
            <method name="(anonymous_10)" hits="18" signature="()V">
              <lines>
                <line number="16" hits="18"/>
              </lines>
            </method>
            <method name="(anonymous_11)" hits="13" signature="()V">
              <lines>
                <line number="17" hits="13"/>
              </lines>
            </method>
            <method name="(anonymous_12)" hits="10" signature="()V">
              <lines>
                <line number="18" hits="10"/>
              </lines>
            </method>
            <method name="(anonymous_13)" hits="9" signature="()V">
              <lines>
                <line number="19" hits="9"/>
              </lines>
            </method>
          </methods>
          <lines>
            <line number="1" hits="108" branch="false"/>
            <line number="2" hits="15" branch="false"/>
            <line number="3" hits="27" branch="false"/>
            <line number="4" hits="22" branch="false"/>
            <line number="5" hits="15" branch="false"/>
            <line number="6" hits="15" branch="false"/>
            <line number="8" hits="15" branch="false"/>
            <line number="9" hits="43" branch="false"/>
            <line number="10" hits="37" branch="false"/>
            <line number="11" hits="29" branch="false"/>
            <line number="12" hits="37" branch="false"/>
            <line number="14" hits="15" branch="false"/>
            <line number="15" hits="30" branch="false"/>
            <line number="16" hits="33" branch="false"/>
            <line number="17" hits="28" branch="false"/>
            <line number="18" hits="25" branch="false"/>
            <line number="19" hits="24" branch="false"/>
          </lines>
        </class>
        <class name="rx-state.service.ts" filename="libs\state\src\lib\rx-state.service.ts" line-rate="1" branch-rate="1">
          <methods>
            <method name="(anonymous_0)" hits="100" signature="()V">
              <lines>
                <line number="71" hits="100"/>
              </lines>
            </method>
            <method name="(anonymous_1)" hits="13" signature="()V">
              <lines>
                <line number="78" hits="13"/>
              </lines>
            </method>
            <method name="(anonymous_2)" hits="3" signature="()V">
              <lines>
                <line number="82" hits="3"/>
              </lines>
            </method>
            <method name="(anonymous_3)" hits="32" signature="()V">
              <lines>
                <line number="162" hits="32"/>
              </lines>
            </method>
            <method name="(anonymous_4)" hits="71" signature="()V">
              <lines>
                <line number="218" hits="71"/>
              </lines>
            </method>
            <method name="(anonymous_5)" hits="25" signature="()V">
              <lines>
                <line number="334" hits="25"/>
              </lines>
            </method>
            <method name="(anonymous_6)" hits="9" signature="()V">
              <lines>
                <line number="355" hits="9"/>
              </lines>
            </method>
            <method name="(anonymous_7)" hits="20" signature="()V">
              <lines>
                <line number="367" hits="20"/>
              </lines>
            </method>
            <method name="(anonymous_8)" hits="6" signature="()V">
              <lines>
                <line number="380" hits="6"/>
              </lines>
            </method>
            <method name="(anonymous_9)" hits="55" signature="()V">
              <lines>
                <line number="523" hits="55"/>
              </lines>
            </method>
            <method name="(anonymous_10)" hits="2" signature="()V">
              <lines>
                <line number="557" hits="2"/>
              </lines>
            </method>
            <method name="(anonymous_11)" hits="110" signature="()V">
              <lines>
                <line number="573" hits="110"/>
              </lines>
            </method>
          </methods>
          <lines>
            <line number="1" hits="15" branch="false"/>
            <line number="2" hits="15" branch="false"/>
            <line number="10" hits="15" branch="false"/>
            <line number="21" hits="15" branch="false"/>
            <line number="55" hits="15" branch="false"/>
            <line number="56" hits="100" branch="false"/>
            <line number="58" hits="100" branch="false"/>
            <line number="59" hits="100" branch="false"/>
            <line number="66" hits="100" branch="false"/>
            <line number="72" hits="100" branch="false"/>
            <line number="79" hits="13" branch="false"/>
            <line number="83" hits="3" branch="false"/>
            <line number="170" hits="32" branch="true" condition-coverage="100% (4/4)"/>
            <line number="171" hits="1" branch="false"/>
            <line number="173" hits="31" branch="false"/>
            <line number="222" hits="71" branch="true" condition-coverage="100% (2/2)"/>
            <line number="226" hits="66" branch="false"/>
            <line number="227" hits="66" branch="false"/>
            <line number="230" hits="5" branch="true" condition-coverage="100% (2/2)"/>
            <line number="234" hits="2" branch="false"/>
            <line number="237" hits="2" branch="false"/>
            <line number="240" hits="3" branch="true" condition-coverage="100% (2/2)"/>
            <line number="244" hits="2" branch="false"/>
            <line number="245" hits="2" branch="false"/>
            <line number="248" hits="2" branch="false"/>
            <line number="249" hits="2" branch="false"/>
            <line number="252" hits="1" branch="false"/>
            <line number="339" hits="25" branch="true" condition-coverage="100% (2/2)"/>
            <line number="344" hits="2" branch="false"/>
            <line number="345" hits="2" branch="false"/>
            <line number="348" hits="23" branch="true" condition-coverage="100% (2/2)"/>
            <line number="354" hits="4" branch="false"/>
            <line number="355" hits="9" branch="false"/>
            <line number="356" hits="4" branch="false"/>
            <line number="357" hits="4" branch="false"/>
            <line number="360" hits="19" branch="true" condition-coverage="100% (2/2)"/>
            <line number="365" hits="15" branch="false"/>
            <line number="366" hits="15" branch="false"/>
            <line number="367" hits="20" branch="false"/>
            <line number="369" hits="15" branch="false"/>
            <line number="370" hits="15" branch="false"/>
            <line number="373" hits="4" branch="true" condition-coverage="100% (2/2)"/>
            <line number="378" hits="3" branch="false"/>
            <line number="379" hits="3" branch="false"/>
            <line number="380" hits="6" branch="false"/>
            <line number="382" hits="3" branch="false"/>
            <line number="383" hits="3" branch="false"/>
            <line number="386" hits="1" branch="false"/>
            <line number="526" hits="55" branch="true" condition-coverage="100% (4/4)"/>
            <line number="527" hits="24" branch="false"/>
            <line number="528" hits="31" branch="true" condition-coverage="100% (2/2)"/>
            <line number="529" hits="28" branch="false"/>
            <line number="530" hits="3" branch="true" condition-coverage="100% (2/2)"/>
            <line number="531" hits="2" branch="false"/>
            <line number="533" hits="1" branch="false"/>
            <line number="561" hits="2" branch="true" condition-coverage="100% (2/2)"/>
            <line number="562" hits="1" branch="false"/>
            <line number="565" hits="1" branch="false"/>
            <line number="567" hits="1" branch="false"/>
            <line number="574" hits="110" branch="false"/>
            <line number="575" hits="110" branch="false"/>
            <line number="576" hits="110" branch="false"/>
            <line number="577" hits="110" branch="false"/>
          </lines>
        </class>
      </classes>
    </package>
    <package name="src.lib.core" line-rate="1" branch-rate="1">
      <classes>
        <class name="accumulation-observable.ts" filename="libs\state\src\lib\core\accumulation-observable.ts" line-rate="1" branch-rate="1">
          <methods>
            <method name="(anonymous_0)" hits="105" signature="()V">
              <lines>
                <line number="26" hits="105"/>
              </lines>
            </method>
            <method name="createAccumulationObservable" hits="119" signature="()V">
              <lines>
                <line number="39" hits="119"/>
              </lines>
            </method>
            <method name="(anonymous_2)" hits="112" signature="()V">
              <lines>
                <line number="54" hits="112"/>
              </lines>
            </method>
            <method name="(anonymous_3)" hits="112" signature="()V">
              <lines>
                <line number="58" hits="112"/>
              </lines>
            </method>
            <method name="(anonymous_4)" hits="1" signature="()V">
              <lines>
                <line number="59" hits="1"/>
              </lines>
            </method>
            <method name="(anonymous_5)" hits="1" signature="()V">
              <lines>
                <line number="62" hits="1"/>
              </lines>
            </method>
            <method name="nextAccumulator" hits="4" signature="()V">
              <lines>
                <line number="82" hits="4"/>
              </lines>
            </method>
            <method name="nextSlice" hits="85" signature="()V">
              <lines>
                <line number="86" hits="85"/>
              </lines>
            </method>
            <method name="nextSliceObservable" hits="28" signature="()V">
              <lines>
                <line number="90" hits="28"/>
              </lines>
            </method>
            <method name="subscribe" hits="129" signature="()V">
              <lines>
                <line number="94" hits="129"/>
              </lines>
            </method>
            <method name="(anonymous_10)" hits="27" signature="()V">
              <lines>
                <line number="101" hits="27"/>
              </lines>
            </method>
          </methods>
          <lines>
            <line number="1" hits="17" branch="false"/>
            <line number="12" hits="17" branch="false"/>
            <line number="26" hits="17" branch="false"/>
            <line number="27" hits="105" branch="false"/>
            <line number="39" hits="17" branch="false"/>
            <line number="44" hits="119" branch="false"/>
            <line number="54" hits="112" branch="false"/>
            <line number="58" hits="112" branch="false"/>
            <line number="59" hits="1" branch="false"/>
            <line number="62" hits="1" branch="false"/>
            <line number="65" hits="119" branch="false"/>
            <line number="66" hits="119" branch="false"/>
            <line number="78" hits="119" branch="false"/>
            <line number="83" hits="4" branch="false"/>
            <line number="87" hits="85" branch="false"/>
            <line number="91" hits="28" branch="false"/>
            <line number="95" hits="129" branch="false"/>
            <line number="98" hits="129" branch="false"/>
            <line number="101" hits="129" branch="false"/>
            <line number="102" hits="27" branch="false"/>
            <line number="103" hits="27" branch="false"/>
            <line number="104" hits="27" branch="false"/>
            <line number="106" hits="129" branch="false"/>
          </lines>
        </class>
        <class name="index.ts" filename="libs\state\src\lib\core\index.ts" line-rate="1" branch-rate="1">
          <methods>
          </methods>
          <lines>
            <line number="1" hits="17" branch="false"/>
            <line number="2" hits="17" branch="false"/>
            <line number="3" hits="17" branch="false"/>
            <line number="4" hits="17" branch="false"/>
          </lines>
        </class>
        <class name="side-effect-observable.ts" filename="libs\state\src\lib\core\side-effect-observable.ts" line-rate="1" branch-rate="1">
          <methods>
            <method name="createSideEffectObservable" hits="102" signature="()V">
              <lines>
                <line number="11" hits="102"/>
              </lines>
            </method>
            <method name="nextEffectObservable" hits="3" signature="()V">
              <lines>
                <line number="21" hits="3"/>
              </lines>
            </method>
            <method name="subscribe" hits="111" signature="()V">
              <lines>
                <line number="25" hits="111"/>
              </lines>
            </method>
          </methods>
          <lines>
            <line number="1" hits="17" branch="false"/>
            <line number="9" hits="17" branch="false"/>
            <line number="11" hits="17" branch="false"/>
            <line number="17" hits="102" branch="false"/>
            <line number="22" hits="3" branch="false"/>
            <line number="26" hits="111" branch="false"/>
            <line number="29" hits="102" branch="false"/>
          </lines>
        </class>
      </classes>
    </package>
    <package name="src.lib.core.utils" line-rate="1" branch-rate="1">
      <classes>
        <class name="index.ts" filename="libs\state\src\lib\core\utils\index.ts" line-rate="1" branch-rate="1">
          <methods>
            <method name="(anonymous_0)" hits="56" signature="()V">
              <lines>
                <line number="1" hits="56"/>
              </lines>
            </method>
            <method name="(anonymous_1)" hits="6" signature="()V">
              <lines>
                <line number="3" hits="6"/>
              </lines>
            </method>
            <method name="(anonymous_2)" hits="101" signature="()V">
              <lines>
                <line number="4" hits="101"/>
              </lines>
            </method>
            <method name="(anonymous_3)" hits="4" signature="()V">
              <lines>
                <line number="5" hits="4"/>
              </lines>
            </method>
            <method name="(anonymous_4)" hits="91" signature="()V">
              <lines>
                <line number="6" hits="91"/>
              </lines>
            </method>
            <method name="(anonymous_5)" hits="170" signature="()V">
              <lines>
                <line number="7" hits="170"/>
              </lines>
            </method>
            <method name="(anonymous_6)" hits="103" signature="()V">
              <lines>
                <line number="8" hits="103"/>
              </lines>
            </method>
            <method name="(anonymous_7)" hits="156" signature="()V">
              <lines>
                <line number="9" hits="156"/>
              </lines>
            </method>
            <method name="(anonymous_8)" hits="5" signature="()V">
              <lines>
                <line number="11" hits="5"/>
              </lines>
            </method>
          </methods>
          <lines>
            <line number="1" hits="77" branch="false"/>
            <line number="2" hits="21" branch="false"/>
            <line number="3" hits="27" branch="false"/>
            <line number="4" hits="122" branch="false"/>
            <line number="5" hits="25" branch="false"/>
            <line number="6" hits="112" branch="false"/>
            <line number="7" hits="191" branch="false"/>
            <line number="8" hits="124" branch="false"/>
            <line number="9" hits="177" branch="false"/>
            <line number="11" hits="26" branch="false"/>
          </lines>
        </class>
        <class name="pipe-from-array.ts" filename="libs\state\src\lib\core\utils\pipe-from-array.ts" line-rate="1" branch-rate="1">
          <methods>
            <method name="pipeFromArray" hits="56" signature="()V">
              <lines>
                <line number="3" hits="56"/>
              </lines>
            </method>
            <method name="piped" hits="3" signature="()V">
              <lines>
                <line number="14" hits="3"/>
              </lines>
            </method>
            <method name="(anonymous_2)" hits="14" signature="()V">
              <lines>
                <line number="16" hits="14"/>
              </lines>
            </method>
          </methods>
          <lines>
            <line number="1" hits="21" branch="false"/>
            <line number="3" hits="21" branch="false"/>
            <line number="6" hits="56" branch="true" condition-coverage="100% (2/2)"/>
            <line number="7" hits="1" branch="false"/>
            <line number="10" hits="55" branch="true" condition-coverage="100% (2/2)"/>
            <line number="11" hits="50" branch="false"/>
            <line number="14" hits="5" branch="false"/>
            <line number="15" hits="3" branch="false"/>
            <line number="16" hits="14" branch="false"/>
          </lines>
        </class>
        <class name="safe-pluck.ts" filename="libs\state\src\lib\core\utils\safe-pluck.ts" line-rate="1" branch-rate="1">
          <methods>
            <method name="safePluck" hits="5" signature="()V">
              <lines>
                <line number="3" hits="5"/>
              </lines>
            </method>
            <method name="(anonymous_1)" hits="6" signature="()V">
              <lines>
                <line number="30" hits="6"/>
              </lines>
            </method>
          </methods>
          <lines>
            <line number="1" hits="21" branch="false"/>
            <line number="3" hits="21" branch="false"/>
            <line number="29" hits="5" branch="false"/>
            <line number="30" hits="5" branch="false"/>
            <line number="31" hits="6" branch="true" condition-coverage="100% (4/4)"/>
            <line number="32" hits="5" branch="false"/>
            <line number="35" hits="5" branch="false"/>
          </lines>
        </class>
        <class name="typing.ts" filename="libs\state\src\lib\core\utils\typing.ts" line-rate="1" branch-rate="1">
          <methods>
            <method name="isPromiseGuard" hits="4" signature="()V">
              <lines>
                <line number="3" hits="4"/>
              </lines>
            </method>
            <method name="isOperateFnArrayGuard" hits="101" signature="()V">
              <lines>
                <line number="11" hits="101"/>
              </lines>
            </method>
            <method name="(anonymous_2)" hits="74" signature="()V">
              <lines>
                <line number="17" hits="74"/>
              </lines>
            </method>
            <method name="isStringArrayGuard" hits="91" signature="()V">
              <lines>
                <line number="20" hits="91"/>
              </lines>
            </method>
            <method name="(anonymous_4)" hits="59" signature="()V">
              <lines>
                <line number="24" hits="59"/>
              </lines>
            </method>
            <method name="isIterableGuard" hits="6" signature="()V">
              <lines>
                <line number="27" hits="6"/>
              </lines>
            </method>
            <method name="isKeyOf" hits="176" signature="()V">
              <lines>
                <line number="34" hits="176"/>
              </lines>
            </method>
            <method name="isObjectGuard" hits="103" signature="()V">
              <lines>
                <line number="41" hits="103"/>
              </lines>
            </method>
            <method name="isDefined" hits="156" signature="()V">
              <lines>
                <line number="45" hits="156"/>
              </lines>
            </method>
          </methods>
          <lines>
            <line number="3" hits="21" branch="false"/>
            <line number="4" hits="4" branch="false"/>
            <line number="11" hits="21" branch="false"/>
            <line number="14" hits="101" branch="true" condition-coverage="100% (2/2)"/>
            <line number="15" hits="5" branch="false"/>
            <line number="17" hits="96" branch="true" condition-coverage="100% (2/2)"/>
            <line number="20" hits="21" branch="false"/>
            <line number="21" hits="91" branch="true" condition-coverage="100% (2/2)"/>
            <line number="22" hits="5" branch="false"/>
            <line number="24" hits="86" branch="true" condition-coverage="100% (2/2)"/>
            <line number="27" hits="21" branch="false"/>
            <line number="28" hits="6" branch="true" condition-coverage="100% (4/4)"/>
            <line number="29" hits="2" branch="false"/>
            <line number="31" hits="4" branch="false"/>
            <line number="34" hits="21" branch="false"/>
            <line number="35" hits="176" branch="false"/>
            <line number="41" hits="21" branch="false"/>
            <line number="42" hits="103" branch="true" condition-coverage="100% (3/3)"/>
            <line number="45" hits="21" branch="false"/>
            <line number="46" hits="156" branch="true" condition-coverage="100% (2/2)"/>
          </lines>
        </class>
      </classes>
    </package>
    <package name="src.lib.rxjs.operators" line-rate="1" branch-rate="1">
      <classes>
        <class name="distinctUntilSomeChanged.ts" filename="libs\state\src\lib\rxjs\operators\distinctUntilSomeChanged.ts" line-rate="1" branch-rate="1">
          <methods>
            <method name="safePluck" hits="414" signature="()V">
              <lines>
                <line number="8" hits="414"/>
              </lines>
            </method>
            <method name="defaultCompare" hits="162" signature="()V">
              <lines>
                <line number="17" hits="162"/>
              </lines>
            </method>
            <method name="distinctUntilSomeChanged" hits="63" signature="()V">
              <lines>
                <line number="93" hits="63"/>
              </lines>
            </method>
            <method name="(anonymous_3)" hits="147" signature="()V">
              <lines>
                <line number="98" hits="147"/>
              </lines>
            </method>
            <method name="(anonymous_4)" hits="157" signature="()V">
              <lines>
                <line number="100" hits="157"/>
              </lines>
            </method>
            <method name="(anonymous_5)" hits="50" signature="()V">
              <lines>
                <line number="105" hits="50"/>
              </lines>
            </method>
            <method name="(anonymous_6)" hits="42" signature="()V">
              <lines>
                <line number="111" hits="42"/>
              </lines>
            </method>
            <method name="(anonymous_7)" hits="50" signature="()V">
              <lines>
                <line number="113" hits="50"/>
              </lines>
            </method>
            <method name="(anonymous_8)" hits="189" signature="()V">
              <lines>
                <line number="117" hits="189"/>
              </lines>
            </method>
          </methods>
          <lines>
            <line number="2" hits="19" branch="false"/>
            <line number="9" hits="414" branch="true" condition-coverage="100% (2/2)"/>
            <line number="18" hits="162" branch="false"/>
            <line number="93" hits="19" branch="false"/>
            <line number="98" hits="63" branch="false"/>
            <line number="99" hits="147" branch="false"/>
            <line number="100" hits="157" branch="false"/>
            <line number="104" hits="63" branch="true" condition-coverage="100% (2/2)"/>
            <line number="105" hits="10" branch="false"/>
            <line number="106" hits="50" branch="true" condition-coverage="100% (2/2)"/>
            <line number="111" hits="10" branch="false"/>
            <line number="112" hits="42" branch="false"/>
            <line number="113" hits="50" branch="false"/>
            <line number="117" hits="189" branch="false"/>
          </lines>
        </class>
        <class name="index.ts" filename="libs\state\src\lib\rxjs\operators\index.ts" line-rate="1" branch-rate="1">
          <methods>
          </methods>
          <lines>
            <line number="1" hits="18" branch="false"/>
            <line number="2" hits="18" branch="false"/>
            <line number="3" hits="18" branch="false"/>
            <line number="4" hits="18" branch="false"/>
          </lines>
        </class>
        <class name="select.ts" filename="libs\state\src\lib\rxjs\operators\select.ts" line-rate="1" branch-rate="1">
          <methods>
            <method name="select" hits="20" signature="()V">
              <lines>
                <line number="163" hits="20"/>
              </lines>
            </method>
            <method name="(anonymous_1)" hits="20" signature="()V">
              <lines>
                <line number="166" hits="20"/>
              </lines>
            </method>
          </methods>
          <lines>
            <line number="2" hits="18" branch="false"/>
            <line number="3" hits="18" branch="false"/>
            <line number="8" hits="18" branch="false"/>
            <line number="163" hits="18" branch="false"/>
            <line number="166" hits="20" branch="false"/>
            <line number="167" hits="20" branch="true" condition-coverage="100% (4/4)"/>
            <line number="168" hits="5" branch="false"/>
            <line number="169" hits="15" branch="true" condition-coverage="100% (2/2)"/>
            <line number="170" hits="10" branch="false"/>
            <line number="171" hits="5" branch="true" condition-coverage="100% (2/2)"/>
            <line number="172" hits="4" branch="false"/>
            <line number="174" hits="1" branch="false"/>
          </lines>
        </class>
        <class name="selectSlice.ts" filename="libs\state\src\lib\rxjs\operators\selectSlice.ts" line-rate="1" branch-rate="1">
          <methods>
            <method name="selectSlice" hits="32" signature="()V">
              <lines>
                <line number="75" hits="32"/>
              </lines>
            </method>
            <method name="(anonymous_1)" hits="32" signature="()V">
              <lines>
                <line number="79" hits="32"/>
              </lines>
            </method>
            <method name="(anonymous_2)" hits="135" signature="()V">
              <lines>
                <line number="81" hits="135"/>
              </lines>
            </method>
            <method name="(anonymous_3)" hits="127" signature="()V">
              <lines>
                <line number="82" hits="127"/>
              </lines>
            </method>
            <method name="(anonymous_4)" hits="131" signature="()V">
              <lines>
                <line number="90" hits="131"/>
              </lines>
            </method>
            <method name="(anonymous_5)" hits="109" signature="()V">
              <lines>
                <line number="103" hits="109"/>
              </lines>
            </method>
            <method name="(anonymous_6)" hits="109" signature="()V">
              <lines>
                <line number="104" hits="109"/>
              </lines>
            </method>
            <method name="(anonymous_7)" hits="127" signature="()V">
              <lines>
                <line number="109" hits="127"/>
              </lines>
            </method>
          </methods>
          <lines>
            <line number="3" hits="19" branch="false"/>
            <line number="4" hits="19" branch="false"/>
            <line number="75" hits="19" branch="false"/>
            <line number="79" hits="32" branch="false"/>
            <line number="80" hits="32" branch="false"/>
            <line number="81" hits="135" branch="false"/>
            <line number="84" hits="127" branch="true" condition-coverage="100% (2/2)"/>
            <line number="85" hits="8" branch="false"/>
            <line number="88" hits="119" branch="false"/>
            <line number="90" hits="131" branch="true" condition-coverage="100% (2/2)"/>
            <line number="97" hits="119" branch="true" condition-coverage="100% (2/2)"/>
            <line number="98" hits="15" branch="false"/>
            <line number="102" hits="104" branch="false"/>
            <line number="103" hits="109" branch="true" condition-coverage="100% (2/2)"/>
            <line number="105" hits="109" branch="false"/>
            <line number="106" hits="109" branch="false"/>
            <line number="109" hits="127" branch="false"/>
          </lines>
        </class>
        <class name="stateful.ts" filename="libs\state\src\lib\rxjs\operators\stateful.ts" line-rate="1" branch-rate="1">
          <methods>
            <method name="stateful" hits="80" signature="()V">
              <lines>
                <line number="110" hits="80"/>
              </lines>
            </method>
            <method name="(anonymous_1)" hits="80" signature="()V">
              <lines>
                <line number="113" hits="80"/>
              </lines>
            </method>
            <method name="(anonymous_2)" hits="80" signature="()V">
              <lines>
                <line number="119" hits="80"/>
              </lines>
            </method>
            <method name="(anonymous_3)" hits="117" signature="()V">
              <lines>
                <line number="126" hits="117"/>
              </lines>
            </method>
          </methods>
          <lines>
            <line number="2" hits="18" branch="false"/>
            <line number="3" hits="18" branch="false"/>
            <line number="110" hits="18" branch="false"/>
            <line number="113" hits="80" branch="false"/>
            <line number="114" hits="80" branch="false"/>
            <line number="120" hits="80" branch="true" condition-coverage="100% (2/2)"/>
            <line number="121" hits="46" branch="false"/>
            <line number="123" hits="34" branch="false"/>
            <line number="126" hits="117" branch="false"/>
          </lines>
        </class>
      </classes>
    </package>
    <package name="src.lib.transformation-helpers._internals" line-rate="1" branch-rate="1">
      <classes>
        <class name="valuesComparer.util.ts" filename="libs\state\src\lib\transformation-helpers\_internals\valuesComparer.util.ts" line-rate="1" branch-rate="1">
          <methods>
            <method name="valuesComparer" hits="79" signature="()V">
              <lines>
                <line number="4" hits="79"/>
              </lines>
            </method>
            <method name="(anonymous_1)" hits="20" signature="()V">
              <lines>
                <line number="9" hits="20"/>
              </lines>
            </method>
            <method name="(anonymous_2)" hits="25" signature="()V">
              <lines>
                <line number="16" hits="25"/>
              </lines>
            </method>
            <method name="(anonymous_3)" hits="18" signature="()V">
              <lines>
                <line number="18" hits="18"/>
              </lines>
            </method>
          </methods>
          <lines>
            <line number="2" hits="16" branch="false"/>
            <line number="4" hits="16" branch="false"/>
            <line number="9" hits="79" branch="false"/>
            <line number="11" hits="79" branch="true" condition-coverage="100% (2/2)"/>
            <line number="12" hits="16" branch="false"/>
            <line number="15" hits="63" branch="true" condition-coverage="100% (2/2)"/>
            <line number="16" hits="25" branch="false"/>
            <line number="17" hits="16" branch="false"/>
            <line number="18" hits="18" branch="true" condition-coverage="100% (2/2)"/>
            <line number="22" hits="47" branch="true" condition-coverage="100% (2/2)"/>
          </lines>
        </class>
      </classes>
    </package>
    <package name="src.lib.transformation-helpers.array" line-rate="1" branch-rate="1">
      <classes>
        <class name="index.ts" filename="libs\state\src\lib\transformation-helpers\array\index.ts" line-rate="1" branch-rate="1">
          <methods>
          </methods>
          <lines>
            <line number="1" hits="15" branch="false"/>
            <line number="2" hits="15" branch="false"/>
            <line number="3" hits="15" branch="false"/>
            <line number="4" hits="15" branch="false"/>
          </lines>
        </class>
        <class name="insert.ts" filename="libs\state\src\lib\transformation-helpers\array\insert.ts" line-rate="1" branch-rate="1">
          <methods>
            <method name="insert" hits="27" signature="()V">
              <lines>
                <line number="61" hits="27"/>
              </lines>
            </method>
          </methods>
          <lines>
            <line number="59" hits="15" branch="false"/>
            <line number="61" hits="15" branch="false"/>
            <line number="62" hits="27" branch="false"/>
            <line number="63" hits="27" branch="false"/>
            <line number="64" hits="27" branch="true" condition-coverage="100% (2/2)"/>
            <line number="66" hits="27" branch="true" condition-coverage="100% (4/4)"/>
            <line number="67" hits="5" branch="false"/>
            <line number="70" hits="27" branch="true" condition-coverage="100% (2/2)"/>
            <line number="71" hits="5" branch="false"/>
            <line number="74" hits="22" branch="false"/>
          </lines>
        </class>
        <class name="remove.ts" filename="libs\state\src\lib\transformation-helpers\array\remove.ts" line-rate="1" branch-rate="1">
          <methods>
            <method name="remove" hits="21" signature="()V">
              <lines>
                <line number="84" hits="21"/>
              </lines>
            </method>
            <method name="(anonymous_1)" hits="33" signature="()V">
              <lines>
                <line number="101" hits="33"/>
              </lines>
            </method>
            <method name="(anonymous_2)" hits="35" signature="()V">
              <lines>
                <line number="102" hits="35"/>
              </lines>
            </method>
          </methods>
          <lines>
            <line number="81" hits="15" branch="false"/>
            <line number="82" hits="15" branch="false"/>
            <line number="84" hits="15" branch="false"/>
            <line number="89" hits="21" branch="false"/>
            <line number="94" hits="21" branch="false"/>
            <line number="96" hits="21" branch="true" condition-coverage="100% (2/2)"/>
            <line number="97" hits="7" branch="false"/>
            <line number="98" hits="7" branch="false"/>
            <line number="101" hits="14" branch="false"/>
            <line number="102" hits="33" branch="false"/>
            <line number="103" hits="35" branch="false"/>
          </lines>
        </class>
        <class name="toDictionary.ts" filename="libs\state\src\lib\transformation-helpers\array\toDictionary.ts" line-rate="1" branch-rate="1">
          <methods>
            <method name="toDictionary" hits="13" signature="()V">
              <lines>
                <line number="52" hits="13"/>
              </lines>
            </method>
            <method name="(anonymous_1)" hits="9" signature="()V">
              <lines>
                <line number="69" hits="9"/>
              </lines>
            </method>
          </methods>
          <lines>
            <line number="2" hits="15" branch="false"/>
            <line number="52" hits="15" branch="false"/>
            <line number="59" hits="13" branch="true" condition-coverage="100% (2/2)"/>
            <line number="60" hits="2" branch="false"/>
            <line number="63" hits="11" branch="true" condition-coverage="100% (5/5)"/>
            <line number="64" hits="8" branch="false"/>
            <line number="65" hits="8" branch="false"/>
            <line number="68" hits="3" branch="false"/>
            <line number="69" hits="9" branch="false"/>
          </lines>
        </class>
        <class name="update.ts" filename="libs\state\src\lib\transformation-helpers\array\update.ts" line-rate="1" branch-rate="1">
          <methods>
            <method name="update" hits="21" signature="()V">
              <lines>
                <line number="77" hits="21"/>
              </lines>
            </method>
            <method name="(anonymous_1)" hits="30" signature="()V">
              <lines>
                <line number="104" hits="30"/>
              </lines>
            </method>
            <method name="(anonymous_2)" hits="27" signature="()V">
              <lines>
                <line number="105" hits="27"/>
              </lines>
            </method>
          </methods>
          <lines>
            <line number="2" hits="15" branch="false"/>
            <line number="3" hits="15" branch="false"/>
            <line number="77" hits="15" branch="false"/>
            <line number="82" hits="21" branch="false"/>
            <line number="88" hits="21" branch="false"/>
            <line number="89" hits="21" branch="false"/>
            <line number="90" hits="21" branch="true" condition-coverage="100% (2/2)"/>
            <line number="92" hits="21" branch="true" condition-coverage="100% (4/4)"/>
            <line number="93" hits="2" branch="false"/>
            <line number="96" hits="21" branch="true" condition-coverage="100% (2/2)"/>
            <line number="97" hits="5" branch="false"/>
            <line number="100" hits="16" branch="true" condition-coverage="100% (5/5)"/>
            <line number="101" hits="6" branch="false"/>
            <line number="104" hits="10" branch="false"/>
            <line number="105" hits="30" branch="false"/>
            <line number="106" hits="27" branch="false"/>
            <line number="109" hits="30" branch="true" condition-coverage="100% (2/2)"/>
            <line number="110" hits="9" branch="false"/>
            <line number="113" hits="21" branch="false"/>
          </lines>
        </class>
      </classes>
    </package>
    <package name="src.lib.transformation-helpers.object" line-rate="1" branch-rate="1">
      <classes>
        <class name="deleteProp.ts" filename="libs\state\src\lib\transformation-helpers\object\deleteProp.ts" line-rate="1" branch-rate="1">
          <methods>
            <method name="deleteProp" hits="12" signature="()V">
              <lines>
                <line number="47" hits="12"/>
              </lines>
            </method>
          </methods>
          <lines>
            <line number="1" hits="15" branch="false"/>
            <line number="47" hits="15" branch="false"/>
            <line number="51" hits="12" branch="true" condition-coverage="100% (4/4)"/>
            <line number="52" hits="6" branch="false"/>
            <line number="53" hits="6" branch="false"/>
            <line number="56" hits="6" branch="true" condition-coverage="100% (2/2)"/>
            <line number="57" hits="2" branch="false"/>
            <line number="58" hits="2" branch="false"/>
            <line number="61" hits="4" branch="false"/>
            <line number="62" hits="4" branch="false"/>
            <line number="63" hits="4" branch="false"/>
          </lines>
        </class>
        <class name="dictionaryToArray.ts" filename="libs\state\src\lib\transformation-helpers\object\dictionaryToArray.ts" line-rate="1" branch-rate="1">
          <methods>
            <method name="dictionaryToArray" hits="9" signature="()V">
              <lines>
                <line number="55" hits="9"/>
              </lines>
            </method>
          </methods>
          <lines>
            <line number="1" hits="15" branch="false"/>
            <line number="55" hits="15" branch="false"/>
            <line number="56" hits="9" branch="true" condition-coverage="100% (2/2)"/>
            <line number="57" hits="2" branch="false"/>
            <line number="60" hits="7" branch="true" condition-coverage="100% (2/2)"/>
            <line number="61" hits="3" branch="false"/>
            <line number="62" hits="3" branch="false"/>
            <line number="65" hits="4" branch="false"/>
          </lines>
        </class>
        <class name="index.ts" filename="libs\state\src\lib\transformation-helpers\object\index.ts" line-rate="1" branch-rate="1">
          <methods>
          </methods>
          <lines>
            <line number="1" hits="15" branch="false"/>
            <line number="2" hits="15" branch="false"/>
            <line number="3" hits="15" branch="false"/>
            <line number="4" hits="15" branch="false"/>
            <line number="5" hits="15" branch="false"/>
          </lines>
        </class>
        <class name="patch.ts" filename="libs\state\src\lib\transformation-helpers\object\patch.ts" line-rate="1" branch-rate="1">
          <methods>
            <method name="patch" hits="17" signature="()V">
              <lines>
                <line number="50" hits="17"/>
              </lines>
            </method>
          </methods>
          <lines>
            <line number="1" hits="15" branch="false"/>
            <line number="50" hits="15" branch="false"/>
            <line number="51" hits="17" branch="true" condition-coverage="100% (2/2)"/>
            <line number="53" hits="17" branch="true" condition-coverage="100% (4/4)"/>
            <line number="54" hits="5" branch="false"/>
            <line number="55" hits="5" branch="false"/>
            <line number="58" hits="12" branch="true" condition-coverage="100% (4/4)"/>
            <line number="59" hits="3" branch="false"/>
            <line number="62" hits="3" branch="false"/>
            <line number="65" hits="9" branch="false"/>
          </lines>
        </class>
        <class name="setProp.ts" filename="libs\state\src\lib\transformation-helpers\object\setProp.ts" line-rate="1" branch-rate="1">
          <methods>
            <method name="setProp" hits="14" signature="()V">
              <lines>
                <line number="45" hits="14"/>
              </lines>
            </method>
          </methods>
          <lines>
            <line number="1" hits="15" branch="false"/>
            <line number="45" hits="15" branch="false"/>
            <line number="50" hits="14" branch="false"/>
            <line number="51" hits="14" branch="false"/>
            <line number="52" hits="14" branch="true" condition-coverage="100% (2/2)"/>
            <line number="54" hits="14" branch="true" condition-coverage="100% (2/2)"/>
            <line number="55" hits="6" branch="false"/>
            <line number="58" hits="14" branch="true" condition-coverage="100% (2/2)"/>
            <line number="59" hits="3" branch="false"/>
            <line number="62" hits="14" branch="true" condition-coverage="100% (4/4)"/>
            <line number="63" hits="1" branch="false"/>
            <line number="66" hits="13" branch="true" condition-coverage="100% (2/2)"/>
            <line number="67" hits="11" branch="false"/>
            <line number="73" hits="2" branch="false"/>
          </lines>
        </class>
        <class name="toggle.ts" filename="libs\state\src\lib\transformation-helpers\object\toggle.ts" line-rate="1" branch-rate="1">
          <methods>
            <method name="toggle" hits="8" signature="()V">
              <lines>
                <line number="48" hits="8"/>
              </lines>
            </method>
          </methods>
          <lines>
            <line number="2" hits="15" branch="false"/>
            <line number="48" hits="15" branch="false"/>
            <line number="52" hits="8" branch="false"/>
            <line number="53" hits="8" branch="false"/>
            <line number="54" hits="8" branch="true" condition-coverage="100% (2/2)"/>
            <line number="56" hits="8" branch="true" condition-coverage="100% (2/2)"/>
            <line number="57" hits="1" branch="false"/>
            <line number="60" hits="8" branch="true" condition-coverage="100% (2/2)"/>
            <line number="61" hits="3" branch="false"/>
            <line number="64" hits="8" branch="true" condition-coverage="100% (4/4)"/>
            <line number="65" hits="2" branch="false"/>
            <line number="68" hits="8" branch="true" condition-coverage="100% (4/4)"/>
            <line number="69" hits="1" branch="false"/>
            <line number="72" hits="7" branch="true" condition-coverage="100% (2/2)"/>
            <line number="77" hits="4" branch="false"/>
            <line number="80" hits="3" branch="false"/>
          </lines>
        </class>
      </classes>
    </package>
  </packages>
</coverage>
