TN:
SF:libs/state/src/lib/rx-state.service.ts
FN:54,(anonymous_0)
FN:61,(anonymous_1)
FN:78,(anonymous_2)
FN:141,(anonymous_3)
FN:213,(anonymous_4)
FN:329,(anonymous_5)
FN:351,(anonymous_6)
FN:364,(anonymous_7)
FN:377,(anonymous_8)
FN:512,(anonymous_9)
FN:546,(anonymous_10)
FN:550,(anonymous_11)
FN:563,(anonymous_12)
FNF:13
FNH:12
FNDA:107,(anonymous_0)
FNDA:13,(anonymous_1)
FNDA:3,(anonymous_2)
FNDA:34,(anonymous_3)
FNDA:72,(anonymous_4)
FNDA:25,(anonymous_5)
FNDA:9,(anonymous_6)
FNDA:20,(anonymous_7)
FNDA:6,(anonymous_8)
FNDA:56,(anonymous_9)
FNDA:2,(anonymous_10)
FNDA:0,(anonymous_11)
FNDA:117,(anonymous_12)
DA:1,15
DA:2,15
DA:3,15
DA:4,15
DA:5,15
DA:6,15
DA:38,15
DA:39,107
DA:41,107
DA:42,107
DA:49,107
DA:55,107
DA:62,13
DA:79,3
DA:162,34
DA:163,34
DA:164,2
DA:166,32
DA:217,72
DA:221,67
DA:222,67
DA:225,5
DA:229,2
DA:232,2
DA:235,3
DA:239,2
DA:240,2
DA:243,2
DA:244,2
DA:247,1
DA:334,25
DA:339,2
DA:340,2
DA:343,23
DA:349,4
DA:350,4
DA:351,9
DA:353,4
DA:354,4
DA:357,19
DA:362,15
DA:363,15
DA:364,20
DA:366,15
DA:367,15
DA:370,4
DA:375,3
DA:376,3
DA:377,6
DA:379,3
DA:380,3
DA:383,1
DA:515,56
DA:516,25
DA:517,31
DA:518,28
DA:519,3
DA:520,2
DA:522,1
DA:550,2
DA:551,2
DA:552,1
DA:555,1
DA:557,1
DA:564,117
DA:565,117
DA:566,117
DA:567,117
LF:68
LH:68
BRDA:163,0,0,2
BRDA:163,0,1,32
BRDA:163,1,0,34
BRDA:163,1,1,34
BRDA:167,2,0,16
BRDA:167,2,1,16
BRDA:217,3,0,67
BRDA:217,3,1,5
BRDA:218,4,0,72
BRDA:218,4,1,67
BRDA:225,5,0,2
BRDA:225,5,1,3
BRDA:226,6,0,5
BRDA:226,6,1,2
BRDA:235,7,0,2
BRDA:235,7,1,1
BRDA:236,8,0,3
BRDA:236,8,1,3
BRDA:334,9,0,2
BRDA:334,9,1,23
BRDA:335,10,0,25
BRDA:335,10,1,6
BRDA:335,10,2,2
BRDA:343,11,0,4
BRDA:343,11,1,19
BRDA:344,12,0,23
BRDA:344,12,1,4
BRDA:344,12,2,4
BRDA:344,12,3,4
BRDA:357,13,0,15
BRDA:357,13,1,4
BRDA:358,14,0,19
BRDA:358,14,1,19
BRDA:358,14,2,18
BRDA:370,15,0,3
BRDA:370,15,1,1
BRDA:371,16,0,4
BRDA:371,16,1,4
BRDA:371,16,2,3
BRDA:515,17,0,25
BRDA:515,17,1,31
BRDA:515,18,0,56
BRDA:515,18,1,56
BRDA:517,19,0,28
BRDA:517,19,1,3
BRDA:519,20,0,2
BRDA:519,20,1,1
BRDA:551,21,0,1
BRDA:551,21,1,1
BRF:49
BRH:49
end_of_record
TN:
SF:libs/state/src/lib/cdk/accumulation-observable.ts
FN:26,(anonymous_0)
FN:39,createAccumulationObservable
FN:54,(anonymous_2)
FN:58,(anonymous_3)
FN:59,(anonymous_4)
FN:62,(anonymous_5)
FN:82,nextAccumulator
FN:86,nextSlice
FN:90,nextSliceObservable
FN:94,subscribe
FN:99,(anonymous_10)
FNF:11
FNH:11
FNDA:106,(anonymous_0)
FNDA:126,createAccumulationObservable
FNDA:113,(anonymous_2)
FNDA:113,(anonymous_3)
FNDA:1,(anonymous_4)
FNDA:1,(anonymous_5)
FNDA:4,nextAccumulator
FNDA:86,nextSlice
FNDA:28,nextSliceObservable
FNDA:136,subscribe
FNDA:27,(anonymous_10)
DA:1,16
DA:12,16
DA:26,16
DA:27,106
DA:39,16
DA:44,126
DA:54,113
DA:58,113
DA:59,1
DA:62,1
DA:65,126
DA:66,126
DA:78,126
DA:83,4
DA:87,86
DA:91,28
DA:95,136
DA:96,136
DA:99,136
DA:100,27
DA:101,27
DA:102,27
DA:104,136
LF:23
LH:23
BRDA:40,0,0,126
BRDA:41,1,0,126
BRDA:42,2,0,126
BRF:3
BRH:3
end_of_record
TN:
SF:libs/state/src/lib/cdk/side-effect-observable.ts
FN:4,createSideEffectObservable
FN:14,nextEffectObservable
FN:18,subscribe
FNF:3
FNH:3
FNDA:109,createSideEffectObservable
FNDA:3,nextEffectObservable
FNDA:118,subscribe
DA:1,16
DA:2,16
DA:4,16
DA:10,109
DA:15,3
DA:19,118
DA:22,109
LF:7
LH:7
BRDA:5,0,0,109
BRF:1
BRH:1
end_of_record
TN:
SF:libs/state/src/lib/core/utils/guards.ts
FN:3,isPromiseGuard
FN:11,isOperateFnArrayGuard
FN:17,(anonymous_2)
FN:20,isStringArrayGuard
FN:24,(anonymous_4)
FN:27,isIterableGuard
FN:34,isKeyOf
FN:41,isObjectGuard
FN:45,isDefined
FNF:9
FNH:9
FNDA:4,isPromiseGuard
FNDA:102,isOperateFnArrayGuard
FNDA:74,(anonymous_2)
FNDA:59,isStringArrayGuard
FNDA:58,(anonymous_4)
FNDA:6,isIterableGuard
FNDA:568,isKeyOf
FNDA:494,isObjectGuard
FNDA:990,isDefined
DA:3,21
DA:4,4
DA:11,21
DA:14,102
DA:15,5
DA:17,97
DA:20,21
DA:21,59
DA:22,5
DA:24,58
DA:27,21
DA:28,6
DA:29,2
DA:31,4
DA:34,21
DA:35,568
DA:41,21
DA:42,494
DA:45,21
DA:46,990
LF:20
LH:20
BRDA:5,0,0,4
BRDA:5,0,1,4
BRDA:5,0,2,4
BRDA:14,1,0,5
BRDA:14,1,1,97
BRDA:17,2,0,97
BRDA:17,2,1,61
BRDA:21,3,0,5
BRDA:21,3,1,54
BRDA:24,4,0,54
BRDA:24,4,1,53
BRDA:28,5,0,2
BRDA:28,5,1,4
BRDA:28,6,0,6
BRDA:28,6,1,5
BRDA:36,7,0,568
BRDA:36,7,1,536
BRDA:36,7,2,56
BRDA:36,7,3,55
BRDA:42,8,0,494
BRDA:42,8,1,465
BRDA:42,8,2,459
BRDA:46,9,0,990
BRDA:46,9,1,937
BRF:24
BRH:24
end_of_record
TN:
SF:libs/state/src/lib/core/utils/pipe-from-array.ts
FN:3,pipeFromArray
FN:14,piped
FN:16,(anonymous_2)
FNF:3
FNH:3
FNDA:56,pipeFromArray
FNDA:3,piped
FNDA:14,(anonymous_2)
DA:1,20
DA:3,20
DA:6,56
DA:7,1
DA:10,55
DA:11,50
DA:14,5
DA:15,3
DA:16,14
LF:9
LH:9
BRDA:6,0,0,1
BRDA:6,0,1,55
BRDA:10,1,0,50
BRDA:10,1,1,5
BRF:4
BRH:4
end_of_record
TN:
SF:libs/state/src/lib/core/utils/safe-pluck.ts
FN:47,safePluck
FN:85,(anonymous_1)
FN:97,(anonymous_2)
FNF:3
FNH:3
FNDA:438,safePluck
FNDA:395,(anonymous_1)
FNDA:3,(anonymous_2)
DA:1,21
DA:47,21
DA:78,438
DA:79,44
DA:81,394
DA:82,1
DA:85,393
DA:86,395
DA:88,393
DA:93,11
DA:95,382
DA:97,382
DA:98,3
DA:99,2
DA:102,382
LF:15
LH:15
BRDA:78,0,0,44
BRDA:78,0,1,394
BRDA:81,1,0,1
BRDA:81,1,1,393
BRDA:85,2,0,391
BRDA:85,2,1,2
BRDA:88,3,0,11
BRDA:88,3,1,382
BRDA:89,4,0,393
BRDA:89,4,1,388
BRDA:89,4,2,384
BRDA:98,5,0,2
BRDA:98,5,1,1
BRDA:98,6,0,3
BRDA:98,6,1,2
BRF:15
BRH:15
end_of_record
TN:
SF:libs/state/src/lib/rxjs/operators/distinctUntilSomeChanged.ts
FN:9,defaultCompare
FN:85,distinctUntilSomeChanged
FN:90,(anonymous_2)
FN:92,(anonymous_3)
FN:98,(anonymous_4)
FN:104,(anonymous_5)
FN:106,(anonymous_6)
FN:111,(anonymous_7)
FNF:8
FNH:8
FNDA:163,defaultCompare
FNDA:65,distinctUntilSomeChanged
FNDA:148,(anonymous_2)
FNDA:158,(anonymous_3)
FNDA:50,(anonymous_4)
FNDA:43,(anonymous_5)
FNDA:50,(anonymous_6)
FNDA:191,(anonymous_7)
DA:2,17
DA:4,17
DA:10,163
DA:85,17
DA:90,65
DA:91,148
DA:93,158
DA:97,65
DA:98,11
DA:99,50
DA:104,11
DA:105,43
DA:107,50
DA:111,191
LF:14
LH:14
BRDA:97,0,0,11
BRDA:97,0,1,54
BRDA:101,1,0,45
BRDA:101,1,1,5
BRDA:99,2,0,50
BRDA:99,2,1,50
BRF:6
BRH:6
end_of_record
TN:
SF:libs/state/src/lib/rxjs/operators/select.ts
FN:151,select
FN:154,(anonymous_1)
FNF:2
FNH:2
FNDA:20,select
FNDA:20,(anonymous_1)
DA:2,16
DA:3,16
DA:4,16
DA:151,16
DA:154,20
DA:155,20
DA:156,5
DA:157,15
DA:158,10
DA:159,5
DA:160,4
DA:162,1
LF:12
LH:12
BRDA:155,0,0,5
BRDA:155,0,1,15
BRDA:155,1,0,20
BRDA:155,1,1,20
BRDA:157,2,0,10
BRDA:157,2,1,5
BRDA:159,3,0,4
BRDA:159,3,1,1
BRF:8
BRH:8
end_of_record
TN:
SF:libs/state/src/lib/rxjs/operators/selectSlice.ts
FN:79,selectSlice
FN:83,(anonymous_1)
FN:85,(anonymous_2)
FN:86,(anonymous_3)
FN:94,(anonymous_4)
FN:112,(anonymous_5)
FN:117,(anonymous_6)
FNF:7
FNH:7
FNDA:34,selectSlice
FNDA:34,(anonymous_1)
FNDA:147,(anonymous_2)
FNDA:139,(anonymous_3)
FNDA:143,(anonymous_4)
FNDA:120,(anonymous_5)
FNDA:139,(anonymous_6)
DA:3,17
DA:4,17
DA:79,17
DA:83,34
DA:84,34
DA:85,147
DA:88,139
DA:89,8
DA:92,131
DA:94,143
DA:106,131
DA:107,23
DA:111,108
DA:113,120
DA:114,120
DA:117,139
LF:16
LH:16
BRDA:88,0,0,8
BRDA:88,0,1,131
BRDA:94,1,0,143
BRDA:94,1,1,132
BRDA:106,2,0,23
BRDA:106,2,1,108
BRF:6
BRH:6
end_of_record
TN:
SF:libs/state/src/lib/rxjs/operators/stateful.ts
FN:110,stateful
FN:113,(anonymous_1)
FN:119,(anonymous_2)
FN:126,(anonymous_3)
FNF:4
FNH:4
FNDA:81,stateful
FNDA:81,(anonymous_1)
FNDA:81,(anonymous_2)
FNDA:117,(anonymous_3)
DA:2,16
DA:3,16
DA:110,16
DA:113,81
DA:114,81
DA:120,81
DA:121,46
DA:123,35
DA:126,117
LF:9
LH:9
BRDA:120,0,0,46
BRDA:120,0,1,35
BRF:2
BRH:2
end_of_record
TN:
SF:libs/state/src/lib/transformation-helpers/_internals/valuesComparer.util.ts
FN:4,valuesComparer
FN:9,(anonymous_1)
FN:16,(anonymous_2)
FN:18,(anonymous_3)
FNF:4
FNH:4
FNDA:79,valuesComparer
FNDA:20,(anonymous_1)
FNDA:25,(anonymous_2)
FNDA:18,(anonymous_3)
DA:2,16
DA:4,16
DA:9,79
DA:11,79
DA:12,16
DA:15,63
DA:16,25
DA:17,16
DA:18,18
DA:22,47
LF:10
LH:10
BRDA:11,0,0,16
BRDA:11,0,1,63
BRDA:15,1,0,16
BRDA:15,1,1,47
BRDA:18,2,0,14
BRDA:18,2,1,2
BRDA:22,3,0,47
BRDA:22,3,1,18
BRF:8
BRH:8
end_of_record
TN:
SF:libs/state/src/lib/transformation-helpers/array/insert.ts
FN:60,insert
FNF:1
FNH:1
FNDA:27,insert
DA:1,15
DA:60,15
DA:61,27
DA:62,27
DA:63,27
DA:65,27
DA:66,5
DA:69,27
DA:70,5
DA:73,22
LF:10
LH:10
BRDA:63,0,0,27
BRDA:63,0,1,12
BRDA:65,1,0,5
BRDA:65,1,1,22
BRDA:65,2,0,27
BRDA:65,2,1,12
BRDA:69,3,0,5
BRDA:69,3,1,22
BRDA:74,4,0,15
BRDA:74,4,1,7
BRDA:75,5,0,20
BRDA:75,5,1,2
BRDA:75,6,0,12
BRDA:75,6,1,8
BRF:14
BRH:14
end_of_record
TN:
SF:libs/state/src/lib/transformation-helpers/array/remove.ts
FN:83,remove
FN:100,(anonymous_1)
FN:101,(anonymous_2)
FNF:3
FNH:3
FNDA:21,remove
FNDA:33,(anonymous_1)
FNDA:35,(anonymous_2)
DA:2,15
DA:3,15
DA:83,15
DA:88,21
DA:93,21
DA:95,21
DA:96,7
DA:97,7
DA:100,14
DA:101,33
DA:102,35
LF:11
LH:11
BRDA:89,0,0,15
BRDA:89,0,1,6
BRDA:90,1,0,12
BRDA:90,1,1,3
BRDA:95,2,0,7
BRDA:95,2,1,14
BRF:6
BRH:6
end_of_record
TN:
SF:libs/state/src/lib/transformation-helpers/array/toDictionary.ts
FN:52,toDictionary
FN:73,(anonymous_1)
FNF:2
FNH:2
FNDA:15,toDictionary
FNDA:9,(anonymous_1)
DA:2,15
DA:52,15
DA:59,15
DA:60,2
DA:63,13
DA:65,13
DA:66,10
DA:67,4
DA:69,10
DA:72,3
DA:73,9
LF:11
LH:11
BRDA:59,0,0,2
BRDA:59,0,1,13
BRDA:65,1,0,10
BRDA:65,1,1,3
BRDA:65,2,0,13
BRDA:65,2,1,9
BRDA:65,2,2,7
BRDA:66,3,0,4
BRDA:66,3,1,6
BRF:9
BRH:9
end_of_record
TN:
SF:libs/state/src/lib/transformation-helpers/array/update.ts
FN:77,update
FN:104,(anonymous_1)
FN:105,(anonymous_2)
FNF:3
FNH:3
FNDA:21,update
FNDA:30,(anonymous_1)
FNDA:27,(anonymous_2)
DA:2,15
DA:3,15
DA:77,15
DA:82,21
DA:88,21
DA:89,21
DA:90,21
DA:92,21
DA:93,2
DA:96,21
DA:97,5
DA:100,16
DA:101,6
DA:104,10
DA:105,30
DA:106,27
DA:109,30
DA:110,9
DA:113,21
LF:19
LH:19
BRDA:83,0,0,14
BRDA:83,0,1,7
BRDA:84,1,0,10
BRDA:84,1,1,4
BRDA:90,2,0,21
BRDA:90,2,1,9
BRDA:92,3,0,2
BRDA:92,3,1,19
BRDA:92,4,0,21
BRDA:92,4,1,14
BRDA:96,5,0,5
BRDA:96,5,1,16
BRDA:100,6,0,6
BRDA:100,6,1,10
BRDA:100,7,0,16
BRDA:100,7,1,13
BRDA:100,7,2,10
BRDA:109,8,0,9
BRDA:109,8,1,21
BRF:19
BRH:19
end_of_record
TN:
SF:libs/state/src/lib/transformation-helpers/object/deleteProp.ts
FN:47,deleteProp
FNF:1
FNH:1
FNDA:12,deleteProp
DA:1,15
DA:47,15
DA:51,12
DA:52,6
DA:53,6
DA:56,6
DA:57,2
DA:58,2
DA:61,4
DA:62,4
DA:63,4
LF:11
LH:11
BRDA:51,0,0,6
BRDA:51,0,1,6
BRDA:51,1,0,12
BRDA:51,1,1,10
BRDA:56,2,0,2
BRDA:56,2,1,4
BRF:6
BRH:6
end_of_record
TN:
SF:libs/state/src/lib/transformation-helpers/object/dictionaryToArray.ts
FN:55,dictionaryToArray
FNF:1
FNH:1
FNDA:9,dictionaryToArray
DA:1,15
DA:55,15
DA:56,9
DA:57,2
DA:60,7
DA:61,3
DA:62,3
DA:65,4
LF:8
LH:8
BRDA:56,0,0,2
BRDA:56,0,1,7
BRDA:60,1,0,3
BRDA:60,1,1,4
BRF:4
BRH:4
end_of_record
TN:
SF:libs/state/src/lib/transformation-helpers/object/patch.ts
FN:50,patch
FNF:1
FNH:1
FNDA:17,patch
DA:1,15
DA:50,15
DA:51,17
DA:53,17
DA:54,5
DA:55,5
DA:58,12
DA:59,3
DA:62,3
DA:65,9
LF:10
LH:10
BRDA:51,0,0,11
BRDA:51,0,1,6
BRDA:53,1,0,5
BRDA:53,1,1,12
BRDA:53,2,0,17
BRDA:53,2,1,8
BRDA:58,3,0,3
BRDA:58,3,1,9
BRDA:58,4,0,12
BRDA:58,4,1,3
BRF:10
BRH:10
end_of_record
TN:
SF:libs/state/src/lib/transformation-helpers/object/setProp.ts
FN:45,setProp
FNF:1
FNH:1
FNDA:14,setProp
DA:1,15
DA:45,15
DA:50,14
DA:51,14
DA:52,14
DA:54,14
DA:55,6
DA:58,14
DA:59,3
DA:62,14
DA:63,1
DA:66,13
DA:67,11
DA:73,2
LF:14
LH:14
BRDA:52,0,0,8
BRDA:52,0,1,6
BRDA:54,1,0,6
BRDA:54,1,1,8
BRDA:58,2,0,3
BRDA:58,2,1,11
BRDA:62,3,0,1
BRDA:62,3,1,13
BRDA:62,4,0,14
BRDA:62,4,1,3
BRDA:66,5,0,11
BRDA:66,5,1,2
BRF:12
BRH:12
end_of_record
TN:
SF:libs/state/src/lib/transformation-helpers/object/toggle.ts
FN:49,toggle
FNF:1
FNH:1
FNDA:8,toggle
DA:2,15
DA:49,15
DA:53,8
DA:54,8
DA:55,8
DA:57,8
DA:58,1
DA:61,8
DA:62,3
DA:65,8
DA:66,2
DA:69,8
DA:70,1
DA:73,7
DA:78,4
DA:81,3
LF:16
LH:16
BRDA:55,0,0,7
BRDA:55,0,1,1
BRDA:57,1,0,1
BRDA:57,1,1,7
BRDA:61,2,0,3
BRDA:61,2,1,5
BRDA:65,3,0,2
BRDA:65,3,1,6
BRDA:65,4,0,8
BRDA:65,4,1,5
BRDA:69,5,0,1
BRDA:69,5,1,7
BRDA:69,6,0,8
BRDA:69,6,1,1
BRDA:73,7,0,4
BRDA:73,7,1,3
BRDA:74,8,0,7
BRDA:74,8,1,5
BRDA:74,8,2,2
BRF:19
BRH:19
end_of_record
