TN:
SF:libs/state/src/index.ts
FNF:0
FNH:0
DA:1,15
LF:1
LH:1
BRF:0
BRH:0
end_of_record
TN:
SF:libs/state/src/lib/index.ts
FN:1,(anonymous_0)
FN:3,(anonymous_1)
FN:4,(anonymous_2)
FN:5,(anonymous_3)
FN:6,(anonymous_4)
FN:9,(anonymous_5)
FN:10,(anonymous_6)
FN:11,(anonymous_7)
FN:12,(anonymous_8)
FN:15,(anonymous_9)
FN:16,(anonymous_10)
FN:17,(anonymous_11)
FN:18,(anonymous_12)
FN:19,(anonymous_13)
FNF:14
FNH:12
FNDA:93,(anonymous_0)
FNDA:12,(anonymous_1)
FNDA:7,(anonymous_2)
FNDA:0,(anonymous_3)
FNDA:0,(anonymous_4)
FNDA:28,(anonymous_5)
FNDA:22,(anonymous_6)
FNDA:14,(anonymous_7)
FNDA:22,(anonymous_8)
FNDA:15,(anonymous_9)
FNDA:18,(anonymous_10)
FNDA:13,(anonymous_11)
FNDA:10,(anonymous_12)
FNDA:9,(anonymous_13)
DA:1,108
DA:2,15
DA:3,27
DA:4,22
DA:5,15
DA:6,15
DA:8,15
DA:9,43
DA:10,37
DA:11,29
DA:12,37
DA:14,15
DA:15,30
DA:16,33
DA:17,28
DA:18,25
DA:19,24
LF:17
LH:17
BRF:0
BRH:0
end_of_record
TN:
SF:libs/state/src/lib/rx-state.service.ts
FN:71,(anonymous_0)
FN:78,(anonymous_1)
FN:82,(anonymous_2)
FN:162,(anonymous_3)
FN:218,(anonymous_4)
FN:334,(anonymous_5)
FN:356,(anonymous_6)
FN:369,(anonymous_7)
FN:382,(anonymous_8)
FN:525,(anonymous_9)
FN:559,(anonymous_10)
FN:575,(anonymous_11)
FNF:12
FNH:12
FNDA:100,(anonymous_0)
FNDA:13,(anonymous_1)
FNDA:3,(anonymous_2)
FNDA:32,(anonymous_3)
FNDA:71,(anonymous_4)
FNDA:25,(anonymous_5)
FNDA:9,(anonymous_6)
FNDA:20,(anonymous_7)
FNDA:6,(anonymous_8)
FNDA:55,(anonymous_9)
FNDA:2,(anonymous_10)
FNDA:110,(anonymous_11)
DA:1,15
DA:2,15
DA:10,15
DA:21,15
DA:55,15
DA:56,100
DA:58,100
DA:59,100
DA:66,100
DA:72,100
DA:79,13
DA:83,3
DA:170,32
DA:171,1
DA:173,31
DA:222,71
DA:226,66
DA:227,66
DA:230,5
DA:234,2
DA:237,2
DA:240,3
DA:244,2
DA:245,2
DA:248,2
DA:249,2
DA:252,1
DA:339,25
DA:344,2
DA:345,2
DA:348,23
DA:354,4
DA:355,4
DA:356,9
DA:358,4
DA:359,4
DA:362,19
DA:367,15
DA:368,15
DA:369,20
DA:371,15
DA:372,15
DA:375,4
DA:380,3
DA:381,3
DA:382,6
DA:384,3
DA:385,3
DA:388,1
DA:528,55
DA:529,24
DA:530,31
DA:531,28
DA:532,3
DA:533,2
DA:535,1
DA:563,2
DA:564,1
DA:567,1
DA:569,1
DA:576,110
DA:577,110
DA:578,110
DA:579,110
LF:64
LH:64
BRDA:170,0,0,1
BRDA:170,0,1,31
BRDA:170,1,0,32
BRDA:170,1,1,32
BRDA:222,2,0,66
BRDA:222,2,1,5
BRDA:223,3,0,71
BRDA:223,3,1,66
BRDA:230,4,0,2
BRDA:230,4,1,3
BRDA:231,5,0,5
BRDA:231,5,1,2
BRDA:240,6,0,2
BRDA:240,6,1,1
BRDA:241,7,0,3
BRDA:241,7,1,3
BRDA:339,8,0,2
BRDA:339,8,1,23
BRDA:340,9,0,25
BRDA:340,9,1,6
BRDA:340,9,2,2
BRDA:348,10,0,4
BRDA:348,10,1,19
BRDA:349,11,0,23
BRDA:349,11,1,4
BRDA:349,11,2,4
BRDA:349,11,3,4
BRDA:362,12,0,15
BRDA:362,12,1,4
BRDA:363,13,0,19
BRDA:363,13,1,19
BRDA:363,13,2,18
BRDA:375,14,0,3
BRDA:375,14,1,1
BRDA:376,15,0,4
BRDA:376,15,1,4
BRDA:376,15,2,3
BRDA:528,16,0,24
BRDA:528,16,1,31
BRDA:528,17,0,55
BRDA:528,17,1,55
BRDA:530,18,0,28
BRDA:530,18,1,3
BRDA:532,19,0,2
BRDA:532,19,1,1
BRDA:563,20,0,1
BRDA:563,20,1,1
BRF:47
BRH:47
end_of_record
TN:
SF:libs/state/src/lib/core/accumulation-observable.ts
FN:26,(anonymous_0)
FN:39,createAccumulationObservable
FN:54,(anonymous_2)
FN:58,(anonymous_3)
FN:59,(anonymous_4)
FN:62,(anonymous_5)
FN:82,nextAccumulator
FN:86,nextSlice
FN:90,nextSliceObservable
FN:94,subscribe
FN:101,(anonymous_10)
FNF:11
FNH:11
FNDA:105,(anonymous_0)
FNDA:119,createAccumulationObservable
FNDA:112,(anonymous_2)
FNDA:112,(anonymous_3)
FNDA:1,(anonymous_4)
FNDA:1,(anonymous_5)
FNDA:4,nextAccumulator
FNDA:85,nextSlice
FNDA:28,nextSliceObservable
FNDA:129,subscribe
FNDA:27,(anonymous_10)
DA:1,17
DA:12,17
DA:26,17
DA:27,105
DA:39,17
DA:44,119
DA:54,112
DA:58,112
DA:59,1
DA:62,1
DA:65,119
DA:66,119
DA:78,119
DA:83,4
DA:87,85
DA:91,28
DA:95,129
DA:98,129
DA:101,129
DA:102,27
DA:103,27
DA:104,27
DA:106,129
LF:23
LH:23
BRDA:40,0,0,119
BRDA:41,1,0,119
BRDA:42,2,0,119
BRF:3
BRH:3
end_of_record
TN:
SF:libs/state/src/lib/core/index.ts
FNF:0
FNH:0
DA:1,17
DA:2,17
DA:3,17
DA:4,17
LF:4
LH:4
BRF:0
BRH:0
end_of_record
TN:
SF:libs/state/src/lib/core/side-effect-observable.ts
FN:11,createSideEffectObservable
FN:21,nextEffectObservable
FN:25,subscribe
FNF:3
FNH:3
FNDA:102,createSideEffectObservable
FNDA:3,nextEffectObservable
FNDA:111,subscribe
DA:1,17
DA:9,17
DA:11,17
DA:17,102
DA:22,3
DA:26,111
DA:29,102
LF:7
LH:7
BRDA:12,0,0,102
BRF:1
BRH:1
end_of_record
TN:
SF:libs/state/src/lib/core/utils/index.ts
FN:1,(anonymous_0)
FN:3,(anonymous_1)
FN:4,(anonymous_2)
FN:5,(anonymous_3)
FN:6,(anonymous_4)
FN:7,(anonymous_5)
FN:8,(anonymous_6)
FN:9,(anonymous_7)
FN:11,(anonymous_8)
FNF:9
FNH:9
FNDA:56,(anonymous_0)
FNDA:6,(anonymous_1)
FNDA:101,(anonymous_2)
FNDA:4,(anonymous_3)
FNDA:91,(anonymous_4)
FNDA:170,(anonymous_5)
FNDA:103,(anonymous_6)
FNDA:156,(anonymous_7)
FNDA:5,(anonymous_8)
DA:1,77
DA:2,21
DA:3,27
DA:4,122
DA:5,25
DA:6,112
DA:7,191
DA:8,124
DA:9,177
DA:11,26
LF:10
LH:10
BRF:0
BRH:0
end_of_record
TN:
SF:libs/state/src/lib/core/utils/pipe-from-array.ts
FN:3,pipeFromArray
FN:14,piped
FN:16,(anonymous_2)
FNF:3
FNH:3
FNDA:56,pipeFromArray
FNDA:3,piped
FNDA:14,(anonymous_2)
DA:1,21
DA:3,21
DA:6,56
DA:7,1
DA:10,55
DA:11,50
DA:14,5
DA:15,3
DA:16,14
LF:9
LH:9
BRDA:6,0,0,1
BRDA:6,0,1,55
BRDA:10,1,0,50
BRDA:10,1,1,5
BRF:4
BRH:4
end_of_record
TN:
SF:libs/state/src/lib/core/utils/safe-pluck.ts
FN:3,safePluck
FN:30,(anonymous_1)
FNF:2
FNH:2
FNDA:5,safePluck
FNDA:6,(anonymous_1)
DA:1,21
DA:3,21
DA:29,5
DA:30,5
DA:31,6
DA:32,5
DA:35,5
LF:7
LH:7
BRDA:31,0,0,5
BRDA:31,0,1,1
BRDA:31,1,0,6
BRDA:31,1,1,6
BRF:4
BRH:4
end_of_record
TN:
SF:libs/state/src/lib/core/utils/typing.ts
FN:3,isPromiseGuard
FN:11,isOperateFnArrayGuard
FN:17,(anonymous_2)
FN:20,isStringArrayGuard
FN:24,(anonymous_4)
FN:27,isIterableGuard
FN:34,isKeyOf
FN:41,isObjectGuard
FN:45,isDefined
FNF:9
FNH:9
FNDA:4,isPromiseGuard
FNDA:101,isOperateFnArrayGuard
FNDA:74,(anonymous_2)
FNDA:91,isStringArrayGuard
FNDA:59,(anonymous_4)
FNDA:6,isIterableGuard
FNDA:176,isKeyOf
FNDA:103,isObjectGuard
FNDA:156,isDefined
DA:3,21
DA:4,4
DA:11,21
DA:14,101
DA:15,5
DA:17,96
DA:20,21
DA:21,91
DA:22,5
DA:24,86
DA:27,21
DA:28,6
DA:29,2
DA:31,4
DA:34,21
DA:35,176
DA:41,21
DA:42,103
DA:45,21
DA:46,156
LF:20
LH:20
BRDA:5,0,0,4
BRDA:5,0,1,4
BRDA:5,0,2,4
BRDA:14,1,0,5
BRDA:14,1,1,96
BRDA:17,2,0,96
BRDA:17,2,1,61
BRDA:21,3,0,5
BRDA:21,3,1,86
BRDA:24,4,0,86
BRDA:24,4,1,54
BRDA:28,5,0,2
BRDA:28,5,1,4
BRDA:28,6,0,6
BRDA:28,6,1,5
BRDA:36,7,0,176
BRDA:36,7,1,148
BRDA:36,7,2,55
BRDA:36,7,3,54
BRDA:42,8,0,103
BRDA:42,8,1,77
BRDA:42,8,2,71
BRDA:46,9,0,156
BRDA:46,9,1,133
BRF:24
BRH:24
end_of_record
TN:
SF:libs/state/src/lib/rxjs/operators/distinctUntilSomeChanged.ts
FN:8,safePluck
FN:17,defaultCompare
FN:93,distinctUntilSomeChanged
FN:98,(anonymous_3)
FN:100,(anonymous_4)
FN:106,(anonymous_5)
FN:112,(anonymous_6)
FN:114,(anonymous_7)
FN:119,(anonymous_8)
FNF:9
FNH:9
FNDA:414,safePluck
FNDA:162,defaultCompare
FNDA:63,distinctUntilSomeChanged
FNDA:147,(anonymous_3)
FNDA:157,(anonymous_4)
FNDA:50,(anonymous_5)
FNDA:42,(anonymous_6)
FNDA:50,(anonymous_7)
FNDA:189,(anonymous_8)
DA:2,19
DA:9,414
DA:18,162
DA:93,19
DA:98,63
DA:99,147
DA:101,157
DA:105,63
DA:106,10
DA:107,50
DA:112,10
DA:113,42
DA:115,50
DA:119,189
LF:14
LH:14
BRDA:10,0,0,374
BRDA:10,0,1,40
BRDA:9,1,0,414
BRDA:9,1,1,388
BRDA:105,2,0,10
BRDA:105,2,1,53
BRDA:109,3,0,45
BRDA:109,3,1,5
BRDA:107,4,0,50
BRDA:107,4,1,50
BRF:10
BRH:10
end_of_record
TN:
SF:libs/state/src/lib/rxjs/operators/index.ts
FNF:0
FNH:0
DA:1,18
DA:2,18
DA:3,18
DA:4,18
LF:4
LH:4
BRF:0
BRH:0
end_of_record
TN:
SF:libs/state/src/lib/rxjs/operators/select.ts
FN:163,select
FN:166,(anonymous_1)
FNF:2
FNH:2
FNDA:20,select
FNDA:20,(anonymous_1)
DA:2,18
DA:3,18
DA:8,18
DA:163,18
DA:166,20
DA:167,20
DA:168,5
DA:169,15
DA:170,10
DA:171,5
DA:172,4
DA:174,1
LF:12
LH:12
BRDA:167,0,0,5
BRDA:167,0,1,15
BRDA:167,1,0,20
BRDA:167,1,1,20
BRDA:169,2,0,10
BRDA:169,2,1,5
BRDA:171,3,0,4
BRDA:171,3,1,1
BRF:8
BRH:8
end_of_record
TN:
SF:libs/state/src/lib/rxjs/operators/selectSlice.ts
FN:75,selectSlice
FN:79,(anonymous_1)
FN:81,(anonymous_2)
FN:82,(anonymous_3)
FN:90,(anonymous_4)
FN:103,(anonymous_5)
FN:104,(anonymous_6)
FN:109,(anonymous_7)
FNF:8
FNH:8
FNDA:32,selectSlice
FNDA:32,(anonymous_1)
FNDA:135,(anonymous_2)
FNDA:127,(anonymous_3)
FNDA:131,(anonymous_4)
FNDA:109,(anonymous_5)
FNDA:109,(anonymous_6)
FNDA:127,(anonymous_7)
DA:3,19
DA:4,19
DA:75,19
DA:79,32
DA:80,32
DA:81,135
DA:84,127
DA:85,8
DA:88,119
DA:90,131
DA:97,119
DA:98,15
DA:102,104
DA:103,109
DA:105,109
DA:106,109
DA:109,127
LF:17
LH:17
BRDA:84,0,0,8
BRDA:84,0,1,119
BRDA:90,1,0,131
BRDA:90,1,1,117
BRDA:97,2,0,15
BRDA:97,2,1,104
BRDA:103,3,0,109
BRDA:103,3,1,109
BRF:8
BRH:8
end_of_record
TN:
SF:libs/state/src/lib/rxjs/operators/stateful.ts
FN:110,stateful
FN:113,(anonymous_1)
FN:119,(anonymous_2)
FN:126,(anonymous_3)
FNF:4
FNH:4
FNDA:80,stateful
FNDA:80,(anonymous_1)
FNDA:80,(anonymous_2)
FNDA:117,(anonymous_3)
DA:2,18
DA:3,18
DA:110,18
DA:113,80
DA:114,80
DA:120,80
DA:121,46
DA:123,34
DA:126,117
LF:9
LH:9
BRDA:120,0,0,46
BRDA:120,0,1,34
BRF:2
BRH:2
end_of_record
TN:
SF:libs/state/src/lib/transformation-helpers/_internals/valuesComparer.util.ts
FN:4,valuesComparer
FN:9,(anonymous_1)
FN:16,(anonymous_2)
FN:18,(anonymous_3)
FNF:4
FNH:4
FNDA:79,valuesComparer
FNDA:20,(anonymous_1)
FNDA:25,(anonymous_2)
FNDA:18,(anonymous_3)
DA:2,16
DA:4,16
DA:9,79
DA:11,79
DA:12,16
DA:15,63
DA:16,25
DA:17,16
DA:18,18
DA:22,47
LF:10
LH:10
BRDA:11,0,0,16
BRDA:11,0,1,63
BRDA:15,1,0,16
BRDA:15,1,1,47
BRDA:18,2,0,14
BRDA:18,2,1,2
BRDA:22,3,0,47
BRDA:22,3,1,18
BRF:8
BRH:8
end_of_record
TN:
SF:libs/state/src/lib/transformation-helpers/array/index.ts
FNF:0
FNH:0
DA:1,15
DA:2,15
DA:3,15
DA:4,15
LF:4
LH:4
BRF:0
BRH:0
end_of_record
TN:
SF:libs/state/src/lib/transformation-helpers/array/insert.ts
FN:61,insert
FNF:1
FNH:1
FNDA:27,insert
DA:59,15
DA:61,15
DA:62,27
DA:63,27
DA:64,27
DA:66,27
DA:67,5
DA:70,27
DA:71,5
DA:74,22
LF:10
LH:10
BRDA:64,0,0,27
BRDA:64,0,1,12
BRDA:66,1,0,5
BRDA:66,1,1,22
BRDA:66,2,0,27
BRDA:66,2,1,12
BRDA:70,3,0,5
BRDA:70,3,1,22
BRDA:75,4,0,15
BRDA:75,4,1,7
BRDA:76,5,0,20
BRDA:76,5,1,2
BRDA:76,6,0,12
BRDA:76,6,1,8
BRF:14
BRH:14
end_of_record
TN:
SF:libs/state/src/lib/transformation-helpers/array/remove.ts
FN:84,remove
FN:101,(anonymous_1)
FN:102,(anonymous_2)
FNF:3
FNH:3
FNDA:21,remove
FNDA:33,(anonymous_1)
FNDA:35,(anonymous_2)
DA:81,15
DA:82,15
DA:84,15
DA:89,21
DA:94,21
DA:96,21
DA:97,7
DA:98,7
DA:101,14
DA:102,33
DA:103,35
LF:11
LH:11
BRDA:90,0,0,15
BRDA:90,0,1,6
BRDA:91,1,0,12
BRDA:91,1,1,3
BRDA:96,2,0,7
BRDA:96,2,1,14
BRF:6
BRH:6
end_of_record
TN:
SF:libs/state/src/lib/transformation-helpers/array/toDictionary.ts
FN:52,toDictionary
FN:69,(anonymous_1)
FNF:2
FNH:2
FNDA:13,toDictionary
FNDA:9,(anonymous_1)
DA:2,15
DA:52,15
DA:59,13
DA:60,2
DA:63,11
DA:64,8
DA:65,8
DA:68,3
DA:69,9
LF:9
LH:9
BRDA:59,0,0,2
BRDA:59,0,1,11
BRDA:63,1,0,8
BRDA:63,1,1,3
BRDA:63,2,0,11
BRDA:63,2,1,7
BRDA:63,2,2,6
BRF:7
BRH:7
end_of_record
TN:
SF:libs/state/src/lib/transformation-helpers/array/update.ts
FN:77,update
FN:104,(anonymous_1)
FN:105,(anonymous_2)
FNF:3
FNH:3
FNDA:21,update
FNDA:30,(anonymous_1)
FNDA:27,(anonymous_2)
DA:2,15
DA:3,15
DA:77,15
DA:82,21
DA:88,21
DA:89,21
DA:90,21
DA:92,21
DA:93,2
DA:96,21
DA:97,5
DA:100,16
DA:101,6
DA:104,10
DA:105,30
DA:106,27
DA:109,30
DA:110,9
DA:113,21
LF:19
LH:19
BRDA:83,0,0,14
BRDA:83,0,1,7
BRDA:84,1,0,10
BRDA:84,1,1,4
BRDA:90,2,0,21
BRDA:90,2,1,9
BRDA:92,3,0,2
BRDA:92,3,1,19
BRDA:92,4,0,21
BRDA:92,4,1,14
BRDA:96,5,0,5
BRDA:96,5,1,16
BRDA:100,6,0,6
BRDA:100,6,1,10
BRDA:100,7,0,16
BRDA:100,7,1,13
BRDA:100,7,2,10
BRDA:109,8,0,9
BRDA:109,8,1,21
BRF:19
BRH:19
end_of_record
TN:
SF:libs/state/src/lib/transformation-helpers/object/deleteProp.ts
FN:47,deleteProp
FNF:1
FNH:1
FNDA:12,deleteProp
DA:1,15
DA:47,15
DA:51,12
DA:52,6
DA:53,6
DA:56,6
DA:57,2
DA:58,2
DA:61,4
DA:62,4
DA:63,4
LF:11
LH:11
BRDA:51,0,0,6
BRDA:51,0,1,6
BRDA:51,1,0,12
BRDA:51,1,1,10
BRDA:56,2,0,2
BRDA:56,2,1,4
BRF:6
BRH:6
end_of_record
TN:
SF:libs/state/src/lib/transformation-helpers/object/dictionaryToArray.ts
FN:55,dictionaryToArray
FNF:1
FNH:1
FNDA:9,dictionaryToArray
DA:1,15
DA:55,15
DA:56,9
DA:57,2
DA:60,7
DA:61,3
DA:62,3
DA:65,4
LF:8
LH:8
BRDA:56,0,0,2
BRDA:56,0,1,7
BRDA:60,1,0,3
BRDA:60,1,1,4
BRF:4
BRH:4
end_of_record
TN:
SF:libs/state/src/lib/transformation-helpers/object/index.ts
FNF:0
FNH:0
DA:1,15
DA:2,15
DA:3,15
DA:4,15
DA:5,15
LF:5
LH:5
BRF:0
BRH:0
end_of_record
TN:
SF:libs/state/src/lib/transformation-helpers/object/patch.ts
FN:50,patch
FNF:1
FNH:1
FNDA:17,patch
DA:1,15
DA:50,15
DA:51,17
DA:53,17
DA:54,5
DA:55,5
DA:58,12
DA:59,3
DA:62,3
DA:65,9
LF:10
LH:10
BRDA:51,0,0,11
BRDA:51,0,1,6
BRDA:53,1,0,5
BRDA:53,1,1,12
BRDA:53,2,0,17
BRDA:53,2,1,8
BRDA:58,3,0,3
BRDA:58,3,1,9
BRDA:58,4,0,12
BRDA:58,4,1,3
BRF:10
BRH:10
end_of_record
TN:
SF:libs/state/src/lib/transformation-helpers/object/setProp.ts
FN:45,setProp
FNF:1
FNH:1
FNDA:14,setProp
DA:1,15
DA:45,15
DA:50,14
DA:51,14
DA:52,14
DA:54,14
DA:55,6
DA:58,14
DA:59,3
DA:62,14
DA:63,1
DA:66,13
DA:67,11
DA:73,2
LF:14
LH:14
BRDA:52,0,0,8
BRDA:52,0,1,6
BRDA:54,1,0,6
BRDA:54,1,1,8
BRDA:58,2,0,3
BRDA:58,2,1,11
BRDA:62,3,0,1
BRDA:62,3,1,13
BRDA:62,4,0,14
BRDA:62,4,1,3
BRDA:66,5,0,11
BRDA:66,5,1,2
BRF:12
BRH:12
end_of_record
TN:
SF:libs/state/src/lib/transformation-helpers/object/toggle.ts
FN:48,toggle
FNF:1
FNH:1
FNDA:8,toggle
DA:2,15
DA:48,15
DA:52,8
DA:53,8
DA:54,8
DA:56,8
DA:57,1
DA:60,8
DA:61,3
DA:64,8
DA:65,2
DA:68,8
DA:69,1
DA:72,7
DA:77,4
DA:80,3
LF:16
LH:16
BRDA:54,0,0,7
BRDA:54,0,1,1
BRDA:56,1,0,1
BRDA:56,1,1,7
BRDA:60,2,0,3
BRDA:60,2,1,5
BRDA:64,3,0,2
BRDA:64,3,1,6
BRDA:64,4,0,8
BRDA:64,4,1,5
BRDA:68,5,0,1
BRDA:68,5,1,7
BRDA:68,6,0,8
BRDA:68,6,1,1
BRDA:72,7,0,4
BRDA:72,7,1,3
BRDA:73,8,0,7
BRDA:73,8,1,5
BRDA:73,8,2,2
BRF:19
BRH:19
end_of_record
